Started GET "/" for 60.100.94.209 at 2021-04-14 08:38:52 +0000
Cannot render console from 60.100.94.209! Allowed networks: 127.0.0.1, ::1, 127.0.0.0/127.255.255.255
Processing by Rails::WelcomeController#index as HTML
  Rendering /home/ec2-user/.rvm/gems/ruby-2.6.3/gems/railties-5.2.5/lib/rails/templates/rails/welcome/index.html.erb
  Rendered /home/ec2-user/.rvm/gems/ruby-2.6.3/gems/railties-5.2.5/lib/rails/templates/rails/welcome/index.html.erb (6.9ms)
Completed 200 OK in 30ms (Views: 15.9ms | ActiveRecord: 0.0ms)


Started GET "/" for 60.100.94.209 at 2021-04-14 08:38:52 +0000
Cannot render console from 60.100.94.209! Allowed networks: 127.0.0.1, ::1, 127.0.0.0/127.255.255.255
Processing by Rails::WelcomeController#index as HTML
  Rendering /home/ec2-user/.rvm/gems/ruby-2.6.3/gems/railties-5.2.5/lib/rails/templates/rails/welcome/index.html.erb
  Rendered /home/ec2-user/.rvm/gems/ruby-2.6.3/gems/railties-5.2.5/lib/rails/templates/rails/welcome/index.html.erb (2.0ms)
Completed 200 OK in 7ms (Views: 6.1ms | ActiveRecord: 0.0ms)


Started GET "/" for 60.100.94.209 at 2021-04-15 08:28:50 +0000
Cannot render console from 60.100.94.209! Allowed networks: 127.0.0.1, ::1, 127.0.0.0/127.255.255.255
Processing by HomesController#top as HTML
  Rendering homes/top.html.erb within layouts/application
  Rendered homes/top.html.erb within layouts/application (1.0ms)
Completed 200 OK in 1099ms (Views: 1089.8ms | ActiveRecord: 0.0ms)


Started GET "/" for 60.100.94.209 at 2021-04-15 08:28:52 +0000
Cannot render console from 60.100.94.209! Allowed networks: 127.0.0.1, ::1, 127.0.0.0/127.255.255.255
Processing by HomesController#top as HTML
  Rendering homes/top.html.erb within layouts/application
  Rendered homes/top.html.erb within layouts/application (0.9ms)
Completed 200 OK in 29ms (Views: 28.5ms | ActiveRecord: 0.0ms)


  [1m[35m (0.1ms)[0m  [1m[34mSELECT sqlite_version(*)[0m
  ↳ bin/rails:9
  [1m[35m (8.8ms)[0m  [1m[35mCREATE TABLE "schema_migrations" ("version" varchar NOT NULL PRIMARY KEY)[0m
  ↳ bin/rails:9
  [1m[35m (5.3ms)[0m  [1m[35mCREATE TABLE "ar_internal_metadata" ("key" varchar NOT NULL PRIMARY KEY, "value" varchar, "created_at" datetime NOT NULL, "updated_at" datetime NOT NULL)[0m
  ↳ bin/rails:9
  [1m[35m (0.1ms)[0m  [1m[34mSELECT "schema_migrations"."version" FROM "schema_migrations" ORDER BY "schema_migrations"."version" ASC[0m
  ↳ bin/rails:9
Migrating to DeviseCreateMembers (20210415083946)
  [1m[35m (0.1ms)[0m  [1m[36mbegin transaction[0m
  ↳ bin/rails:9
  [1m[35m (1.5ms)[0m  [1m[35mCREATE TABLE "members" ("id" integer PRIMARY KEY AUTOINCREMENT NOT NULL, "email" varchar DEFAULT '' NOT NULL, "encrypted_password" varchar DEFAULT '' NOT NULL, "reset_password_token" varchar, "reset_password_sent_at" datetime, "remember_created_at" datetime, "name" varchar, "created_at" datetime NOT NULL, "updated_at" datetime NOT NULL)[0m
  ↳ db/migrate/20210415083946_devise_create_members.rb:5
  [1m[35m (0.2ms)[0m  [1m[35mCREATE UNIQUE INDEX "index_members_on_email" ON "members" ("email")[0m
  ↳ db/migrate/20210415083946_devise_create_members.rb:40
  [1m[35m (0.1ms)[0m  [1m[35mCREATE UNIQUE INDEX "index_members_on_reset_password_token" ON "members" ("reset_password_token")[0m
  ↳ db/migrate/20210415083946_devise_create_members.rb:41
  [1m[36mActiveRecord::SchemaMigration Create (0.1ms)[0m  [1m[32mINSERT INTO "schema_migrations" ("version") VALUES (?)[0m  [["version", "20210415083946"]]
  ↳ bin/rails:9
  [1m[35m (14.6ms)[0m  [1m[36mcommit transaction[0m
  ↳ bin/rails:9
Migrating to DeviseCreateAdmins (20210415083959)
  [1m[35m (0.1ms)[0m  [1m[36mbegin transaction[0m
  ↳ bin/rails:9
  [1m[35m (0.7ms)[0m  [1m[35mCREATE TABLE "admins" ("id" integer PRIMARY KEY AUTOINCREMENT NOT NULL, "email" varchar DEFAULT '' NOT NULL, "encrypted_password" varchar DEFAULT '' NOT NULL, "reset_password_token" varchar, "reset_password_sent_at" datetime, "remember_created_at" datetime, "name" varchar, "created_at" datetime NOT NULL, "updated_at" datetime NOT NULL)[0m
  ↳ db/migrate/20210415083959_devise_create_admins.rb:5
  [1m[35m (0.2ms)[0m  [1m[35mCREATE UNIQUE INDEX "index_admins_on_email" ON "admins" ("email")[0m
  ↳ db/migrate/20210415083959_devise_create_admins.rb:40
  [1m[35m (0.1ms)[0m  [1m[35mCREATE UNIQUE INDEX "index_admins_on_reset_password_token" ON "admins" ("reset_password_token")[0m
  ↳ db/migrate/20210415083959_devise_create_admins.rb:41
  [1m[36mActiveRecord::SchemaMigration Create (0.1ms)[0m  [1m[32mINSERT INTO "schema_migrations" ("version") VALUES (?)[0m  [["version", "20210415083959"]]
  ↳ bin/rails:9
  [1m[35m (6.3ms)[0m  [1m[36mcommit transaction[0m
  ↳ bin/rails:9
  [1m[36mActiveRecord::InternalMetadata Load (0.1ms)[0m  [1m[34mSELECT  "ar_internal_metadata".* FROM "ar_internal_metadata" WHERE "ar_internal_metadata"."key" = ? LIMIT ?[0m  [["key", "environment"], ["LIMIT", 1]]
  ↳ bin/rails:9
  [1m[35m (0.0ms)[0m  [1m[36mbegin transaction[0m
  ↳ bin/rails:9
  [1m[36mActiveRecord::InternalMetadata Create (1.0ms)[0m  [1m[32mINSERT INTO "ar_internal_metadata" ("key", "value", "created_at", "updated_at") VALUES (?, ?, ?, ?)[0m  [["key", "environment"], ["value", "development"], ["created_at", "2021-04-15 08:43:00.954936"], ["updated_at", "2021-04-15 08:43:00.954936"]]
  ↳ bin/rails:9
  [1m[35m (4.7ms)[0m  [1m[36mcommit transaction[0m
  ↳ bin/rails:9
  [1m[35m (0.1ms)[0m  [1m[34mSELECT "schema_migrations"."version" FROM "schema_migrations" ORDER BY "schema_migrations"."version" ASC[0m
  ↳ bin/rails:9
Started GET "/" for 60.100.94.209 at 2021-04-15 08:51:06 +0000
Cannot render console from 60.100.94.209! Allowed networks: 127.0.0.1, ::1, 127.0.0.0/127.255.255.255
  [1m[35m (0.1ms)[0m  [1m[34mSELECT "schema_migrations"."version" FROM "schema_migrations" ORDER BY "schema_migrations"."version" ASC[0m
  ↳ /home/ec2-user/.rvm/gems/ruby-2.6.3/gems/activerecord-5.2.5/lib/active_record/log_subscriber.rb:98
Processing by HomesController#top as HTML
  Rendering homes/top.html.erb within layouts/application
  Rendered homes/top.html.erb within layouts/application (1.5ms)
Completed 200 OK in 247ms (Views: 224.2ms | ActiveRecord: 0.0ms)


Started GET "/" for 60.100.94.209 at 2021-04-15 08:51:08 +0000
Cannot render console from 60.100.94.209! Allowed networks: 127.0.0.1, ::1, 127.0.0.0/127.255.255.255
Processing by HomesController#top as HTML
  Rendering homes/top.html.erb within layouts/application
  Rendered homes/top.html.erb within layouts/application (2.1ms)
Completed 200 OK in 33ms (Views: 32.6ms | ActiveRecord: 0.0ms)


Started GET "/members/sign_up" for 60.100.94.209 at 2021-04-15 08:51:43 +0000
Cannot render console from 60.100.94.209! Allowed networks: 127.0.0.1, ::1, 127.0.0.0/127.255.255.255
Processing by Devise::RegistrationsController#new as HTML
Completed 500 Internal Server Error in 89ms (ActiveRecord: 0.0ms)


  
NoMethodError (undefined method `configure_permitted_parameters' for #<Devise::RegistrationsController:0x00007f21c11a6c08>
Did you mean?  configure_permitted_paramaters):
  
activesupport (5.2.5) lib/active_support/callbacks.rb:426:in `block in make_lambda'
activesupport (5.2.5) lib/active_support/callbacks.rb:179:in `block (2 levels) in halting_and_conditional'
actionpack (5.2.5) lib/abstract_controller/callbacks.rb:34:in `block (2 levels) in <module:Callbacks>'
activesupport (5.2.5) lib/active_support/callbacks.rb:180:in `block in halting_and_conditional'
activesupport (5.2.5) lib/active_support/callbacks.rb:513:in `block in invoke_before'
activesupport (5.2.5) lib/active_support/callbacks.rb:513:in `each'
activesupport (5.2.5) lib/active_support/callbacks.rb:513:in `invoke_before'
activesupport (5.2.5) lib/active_support/callbacks.rb:131:in `run_callbacks'
actionpack (5.2.5) lib/abstract_controller/callbacks.rb:41:in `process_action'
actionpack (5.2.5) lib/action_controller/metal/rescue.rb:22:in `process_action'
actionpack (5.2.5) lib/action_controller/metal/instrumentation.rb:34:in `block in process_action'
activesupport (5.2.5) lib/active_support/notifications.rb:168:in `block in instrument'
activesupport (5.2.5) lib/active_support/notifications/instrumenter.rb:23:in `instrument'
activesupport (5.2.5) lib/active_support/notifications.rb:168:in `instrument'
actionpack (5.2.5) lib/action_controller/metal/instrumentation.rb:32:in `process_action'
actionpack (5.2.5) lib/action_controller/metal/params_wrapper.rb:256:in `process_action'
activerecord (5.2.5) lib/active_record/railties/controller_runtime.rb:24:in `process_action'
actionpack (5.2.5) lib/abstract_controller/base.rb:134:in `process'
actionview (5.2.5) lib/action_view/rendering.rb:32:in `process'
actionpack (5.2.5) lib/action_controller/metal.rb:191:in `dispatch'
actionpack (5.2.5) lib/action_controller/metal.rb:252:in `dispatch'
actionpack (5.2.5) lib/action_dispatch/routing/route_set.rb:52:in `dispatch'
actionpack (5.2.5) lib/action_dispatch/routing/route_set.rb:34:in `serve'
actionpack (5.2.5) lib/action_dispatch/routing/mapper.rb:18:in `block in <class:Constraints>'
actionpack (5.2.5) lib/action_dispatch/routing/mapper.rb:48:in `serve'
actionpack (5.2.5) lib/action_dispatch/journey/router.rb:52:in `block in serve'
actionpack (5.2.5) lib/action_dispatch/journey/router.rb:35:in `each'
actionpack (5.2.5) lib/action_dispatch/journey/router.rb:35:in `serve'
actionpack (5.2.5) lib/action_dispatch/routing/route_set.rb:840:in `call'
warden (1.2.9) lib/warden/manager.rb:36:in `block in call'
warden (1.2.9) lib/warden/manager.rb:34:in `catch'
warden (1.2.9) lib/warden/manager.rb:34:in `call'
rack (2.2.3) lib/rack/tempfile_reaper.rb:15:in `call'
rack (2.2.3) lib/rack/etag.rb:27:in `call'
rack (2.2.3) lib/rack/conditional_get.rb:27:in `call'
rack (2.2.3) lib/rack/head.rb:12:in `call'
actionpack (5.2.5) lib/action_dispatch/http/content_security_policy.rb:18:in `call'
rack (2.2.3) lib/rack/session/abstract/id.rb:266:in `context'
rack (2.2.3) lib/rack/session/abstract/id.rb:260:in `call'
actionpack (5.2.5) lib/action_dispatch/middleware/cookies.rb:670:in `call'
activerecord (5.2.5) lib/active_record/migration.rb:559:in `call'
actionpack (5.2.5) lib/action_dispatch/middleware/callbacks.rb:28:in `block in call'
activesupport (5.2.5) lib/active_support/callbacks.rb:98:in `run_callbacks'
actionpack (5.2.5) lib/action_dispatch/middleware/callbacks.rb:26:in `call'
actionpack (5.2.5) lib/action_dispatch/middleware/executor.rb:14:in `call'
actionpack (5.2.5) lib/action_dispatch/middleware/debug_exceptions.rb:61:in `call'
web-console (3.7.0) lib/web_console/middleware.rb:135:in `call_app'
web-console (3.7.0) lib/web_console/middleware.rb:22:in `block in call'
web-console (3.7.0) lib/web_console/middleware.rb:20:in `catch'
web-console (3.7.0) lib/web_console/middleware.rb:20:in `call'
actionpack (5.2.5) lib/action_dispatch/middleware/show_exceptions.rb:33:in `call'
railties (5.2.5) lib/rails/rack/logger.rb:38:in `call_app'
railties (5.2.5) lib/rails/rack/logger.rb:26:in `block in call'
activesupport (5.2.5) lib/active_support/tagged_logging.rb:71:in `block in tagged'
activesupport (5.2.5) lib/active_support/tagged_logging.rb:28:in `tagged'
activesupport (5.2.5) lib/active_support/tagged_logging.rb:71:in `tagged'
railties (5.2.5) lib/rails/rack/logger.rb:26:in `call'
sprockets-rails (3.2.2) lib/sprockets/rails/quiet_assets.rb:13:in `call'
actionpack (5.2.5) lib/action_dispatch/middleware/remote_ip.rb:81:in `call'
actionpack (5.2.5) lib/action_dispatch/middleware/request_id.rb:27:in `call'
rack (2.2.3) lib/rack/method_override.rb:24:in `call'
rack (2.2.3) lib/rack/runtime.rb:22:in `call'
activesupport (5.2.5) lib/active_support/cache/strategy/local_cache_middleware.rb:29:in `call'
actionpack (5.2.5) lib/action_dispatch/middleware/executor.rb:14:in `call'
actionpack (5.2.5) lib/action_dispatch/middleware/static.rb:127:in `call'
rack (2.2.3) lib/rack/sendfile.rb:110:in `call'
railties (5.2.5) lib/rails/engine.rb:524:in `call'
puma (3.12.6) lib/puma/configuration.rb:227:in `call'
puma (3.12.6) lib/puma/server.rb:706:in `handle_request'
puma (3.12.6) lib/puma/server.rb:476:in `process_client'
puma (3.12.6) lib/puma/server.rb:334:in `block in run'
puma (3.12.6) lib/puma/thread_pool.rb:135:in `block in spawn_thread'
Started GET "/members/sign_up" for 60.100.94.209 at 2021-04-15 08:51:46 +0000
Cannot render console from 60.100.94.209! Allowed networks: 127.0.0.1, ::1, 127.0.0.0/127.255.255.255
Processing by Devise::RegistrationsController#new as HTML
Completed 500 Internal Server Error in 105ms (ActiveRecord: 0.0ms)


  
NoMethodError (undefined method `configure_permitted_parameters' for #<Devise::RegistrationsController:0x00007f21c149b3c8>
Did you mean?  configure_permitted_paramaters):
  
activesupport (5.2.5) lib/active_support/callbacks.rb:426:in `block in make_lambda'
activesupport (5.2.5) lib/active_support/callbacks.rb:179:in `block (2 levels) in halting_and_conditional'
actionpack (5.2.5) lib/abstract_controller/callbacks.rb:34:in `block (2 levels) in <module:Callbacks>'
activesupport (5.2.5) lib/active_support/callbacks.rb:180:in `block in halting_and_conditional'
activesupport (5.2.5) lib/active_support/callbacks.rb:513:in `block in invoke_before'
activesupport (5.2.5) lib/active_support/callbacks.rb:513:in `each'
activesupport (5.2.5) lib/active_support/callbacks.rb:513:in `invoke_before'
activesupport (5.2.5) lib/active_support/callbacks.rb:131:in `run_callbacks'
actionpack (5.2.5) lib/abstract_controller/callbacks.rb:41:in `process_action'
actionpack (5.2.5) lib/action_controller/metal/rescue.rb:22:in `process_action'
actionpack (5.2.5) lib/action_controller/metal/instrumentation.rb:34:in `block in process_action'
activesupport (5.2.5) lib/active_support/notifications.rb:168:in `block in instrument'
activesupport (5.2.5) lib/active_support/notifications/instrumenter.rb:23:in `instrument'
activesupport (5.2.5) lib/active_support/notifications.rb:168:in `instrument'
actionpack (5.2.5) lib/action_controller/metal/instrumentation.rb:32:in `process_action'
actionpack (5.2.5) lib/action_controller/metal/params_wrapper.rb:256:in `process_action'
activerecord (5.2.5) lib/active_record/railties/controller_runtime.rb:24:in `process_action'
actionpack (5.2.5) lib/abstract_controller/base.rb:134:in `process'
actionview (5.2.5) lib/action_view/rendering.rb:32:in `process'
actionpack (5.2.5) lib/action_controller/metal.rb:191:in `dispatch'
actionpack (5.2.5) lib/action_controller/metal.rb:252:in `dispatch'
actionpack (5.2.5) lib/action_dispatch/routing/route_set.rb:52:in `dispatch'
actionpack (5.2.5) lib/action_dispatch/routing/route_set.rb:34:in `serve'
actionpack (5.2.5) lib/action_dispatch/routing/mapper.rb:18:in `block in <class:Constraints>'
actionpack (5.2.5) lib/action_dispatch/routing/mapper.rb:48:in `serve'
actionpack (5.2.5) lib/action_dispatch/journey/router.rb:52:in `block in serve'
actionpack (5.2.5) lib/action_dispatch/journey/router.rb:35:in `each'
actionpack (5.2.5) lib/action_dispatch/journey/router.rb:35:in `serve'
actionpack (5.2.5) lib/action_dispatch/routing/route_set.rb:840:in `call'
warden (1.2.9) lib/warden/manager.rb:36:in `block in call'
warden (1.2.9) lib/warden/manager.rb:34:in `catch'
warden (1.2.9) lib/warden/manager.rb:34:in `call'
rack (2.2.3) lib/rack/tempfile_reaper.rb:15:in `call'
rack (2.2.3) lib/rack/etag.rb:27:in `call'
rack (2.2.3) lib/rack/conditional_get.rb:27:in `call'
rack (2.2.3) lib/rack/head.rb:12:in `call'
actionpack (5.2.5) lib/action_dispatch/http/content_security_policy.rb:18:in `call'
rack (2.2.3) lib/rack/session/abstract/id.rb:266:in `context'
rack (2.2.3) lib/rack/session/abstract/id.rb:260:in `call'
actionpack (5.2.5) lib/action_dispatch/middleware/cookies.rb:670:in `call'
activerecord (5.2.5) lib/active_record/migration.rb:559:in `call'
actionpack (5.2.5) lib/action_dispatch/middleware/callbacks.rb:28:in `block in call'
activesupport (5.2.5) lib/active_support/callbacks.rb:98:in `run_callbacks'
actionpack (5.2.5) lib/action_dispatch/middleware/callbacks.rb:26:in `call'
actionpack (5.2.5) lib/action_dispatch/middleware/executor.rb:14:in `call'
actionpack (5.2.5) lib/action_dispatch/middleware/debug_exceptions.rb:61:in `call'
web-console (3.7.0) lib/web_console/middleware.rb:135:in `call_app'
web-console (3.7.0) lib/web_console/middleware.rb:22:in `block in call'
web-console (3.7.0) lib/web_console/middleware.rb:20:in `catch'
web-console (3.7.0) lib/web_console/middleware.rb:20:in `call'
actionpack (5.2.5) lib/action_dispatch/middleware/show_exceptions.rb:33:in `call'
railties (5.2.5) lib/rails/rack/logger.rb:38:in `call_app'
railties (5.2.5) lib/rails/rack/logger.rb:26:in `block in call'
activesupport (5.2.5) lib/active_support/tagged_logging.rb:71:in `block in tagged'
activesupport (5.2.5) lib/active_support/tagged_logging.rb:28:in `tagged'
activesupport (5.2.5) lib/active_support/tagged_logging.rb:71:in `tagged'
railties (5.2.5) lib/rails/rack/logger.rb:26:in `call'
sprockets-rails (3.2.2) lib/sprockets/rails/quiet_assets.rb:13:in `call'
actionpack (5.2.5) lib/action_dispatch/middleware/remote_ip.rb:81:in `call'
actionpack (5.2.5) lib/action_dispatch/middleware/request_id.rb:27:in `call'
rack (2.2.3) lib/rack/method_override.rb:24:in `call'
rack (2.2.3) lib/rack/runtime.rb:22:in `call'
activesupport (5.2.5) lib/active_support/cache/strategy/local_cache_middleware.rb:29:in `call'
actionpack (5.2.5) lib/action_dispatch/middleware/executor.rb:14:in `call'
actionpack (5.2.5) lib/action_dispatch/middleware/static.rb:127:in `call'
rack (2.2.3) lib/rack/sendfile.rb:110:in `call'
railties (5.2.5) lib/rails/engine.rb:524:in `call'
puma (3.12.6) lib/puma/configuration.rb:227:in `call'
puma (3.12.6) lib/puma/server.rb:706:in `handle_request'
puma (3.12.6) lib/puma/server.rb:476:in `process_client'
puma (3.12.6) lib/puma/server.rb:334:in `block in run'
puma (3.12.6) lib/puma/thread_pool.rb:135:in `block in spawn_thread'
Started GET "/members/sign_up" for 60.100.94.209 at 2021-04-15 08:52:08 +0000
Cannot render console from 60.100.94.209! Allowed networks: 127.0.0.1, ::1, 127.0.0.0/127.255.255.255
Processing by Devise::RegistrationsController#new as HTML
Completed 500 Internal Server Error in 102ms (ActiveRecord: 0.0ms)


  
NoMethodError (undefined method `configure_permitted_parameters' for #<Devise::RegistrationsController:0x00007f21cc423a48>
Did you mean?  configure_permitted_paramaters):
  
activesupport (5.2.5) lib/active_support/callbacks.rb:426:in `block in make_lambda'
activesupport (5.2.5) lib/active_support/callbacks.rb:179:in `block (2 levels) in halting_and_conditional'
actionpack (5.2.5) lib/abstract_controller/callbacks.rb:34:in `block (2 levels) in <module:Callbacks>'
activesupport (5.2.5) lib/active_support/callbacks.rb:180:in `block in halting_and_conditional'
activesupport (5.2.5) lib/active_support/callbacks.rb:513:in `block in invoke_before'
activesupport (5.2.5) lib/active_support/callbacks.rb:513:in `each'
activesupport (5.2.5) lib/active_support/callbacks.rb:513:in `invoke_before'
activesupport (5.2.5) lib/active_support/callbacks.rb:131:in `run_callbacks'
actionpack (5.2.5) lib/abstract_controller/callbacks.rb:41:in `process_action'
actionpack (5.2.5) lib/action_controller/metal/rescue.rb:22:in `process_action'
actionpack (5.2.5) lib/action_controller/metal/instrumentation.rb:34:in `block in process_action'
activesupport (5.2.5) lib/active_support/notifications.rb:168:in `block in instrument'
activesupport (5.2.5) lib/active_support/notifications/instrumenter.rb:23:in `instrument'
activesupport (5.2.5) lib/active_support/notifications.rb:168:in `instrument'
actionpack (5.2.5) lib/action_controller/metal/instrumentation.rb:32:in `process_action'
actionpack (5.2.5) lib/action_controller/metal/params_wrapper.rb:256:in `process_action'
activerecord (5.2.5) lib/active_record/railties/controller_runtime.rb:24:in `process_action'
actionpack (5.2.5) lib/abstract_controller/base.rb:134:in `process'
actionview (5.2.5) lib/action_view/rendering.rb:32:in `process'
actionpack (5.2.5) lib/action_controller/metal.rb:191:in `dispatch'
actionpack (5.2.5) lib/action_controller/metal.rb:252:in `dispatch'
actionpack (5.2.5) lib/action_dispatch/routing/route_set.rb:52:in `dispatch'
actionpack (5.2.5) lib/action_dispatch/routing/route_set.rb:34:in `serve'
actionpack (5.2.5) lib/action_dispatch/routing/mapper.rb:18:in `block in <class:Constraints>'
actionpack (5.2.5) lib/action_dispatch/routing/mapper.rb:48:in `serve'
actionpack (5.2.5) lib/action_dispatch/journey/router.rb:52:in `block in serve'
actionpack (5.2.5) lib/action_dispatch/journey/router.rb:35:in `each'
actionpack (5.2.5) lib/action_dispatch/journey/router.rb:35:in `serve'
actionpack (5.2.5) lib/action_dispatch/routing/route_set.rb:840:in `call'
warden (1.2.9) lib/warden/manager.rb:36:in `block in call'
warden (1.2.9) lib/warden/manager.rb:34:in `catch'
warden (1.2.9) lib/warden/manager.rb:34:in `call'
rack (2.2.3) lib/rack/tempfile_reaper.rb:15:in `call'
rack (2.2.3) lib/rack/etag.rb:27:in `call'
rack (2.2.3) lib/rack/conditional_get.rb:27:in `call'
rack (2.2.3) lib/rack/head.rb:12:in `call'
actionpack (5.2.5) lib/action_dispatch/http/content_security_policy.rb:18:in `call'
rack (2.2.3) lib/rack/session/abstract/id.rb:266:in `context'
rack (2.2.3) lib/rack/session/abstract/id.rb:260:in `call'
actionpack (5.2.5) lib/action_dispatch/middleware/cookies.rb:670:in `call'
activerecord (5.2.5) lib/active_record/migration.rb:559:in `call'
actionpack (5.2.5) lib/action_dispatch/middleware/callbacks.rb:28:in `block in call'
activesupport (5.2.5) lib/active_support/callbacks.rb:98:in `run_callbacks'
actionpack (5.2.5) lib/action_dispatch/middleware/callbacks.rb:26:in `call'
actionpack (5.2.5) lib/action_dispatch/middleware/executor.rb:14:in `call'
actionpack (5.2.5) lib/action_dispatch/middleware/debug_exceptions.rb:61:in `call'
web-console (3.7.0) lib/web_console/middleware.rb:135:in `call_app'
web-console (3.7.0) lib/web_console/middleware.rb:22:in `block in call'
web-console (3.7.0) lib/web_console/middleware.rb:20:in `catch'
web-console (3.7.0) lib/web_console/middleware.rb:20:in `call'
actionpack (5.2.5) lib/action_dispatch/middleware/show_exceptions.rb:33:in `call'
railties (5.2.5) lib/rails/rack/logger.rb:38:in `call_app'
railties (5.2.5) lib/rails/rack/logger.rb:26:in `block in call'
activesupport (5.2.5) lib/active_support/tagged_logging.rb:71:in `block in tagged'
activesupport (5.2.5) lib/active_support/tagged_logging.rb:28:in `tagged'
activesupport (5.2.5) lib/active_support/tagged_logging.rb:71:in `tagged'
railties (5.2.5) lib/rails/rack/logger.rb:26:in `call'
sprockets-rails (3.2.2) lib/sprockets/rails/quiet_assets.rb:13:in `call'
actionpack (5.2.5) lib/action_dispatch/middleware/remote_ip.rb:81:in `call'
actionpack (5.2.5) lib/action_dispatch/middleware/request_id.rb:27:in `call'
rack (2.2.3) lib/rack/method_override.rb:24:in `call'
rack (2.2.3) lib/rack/runtime.rb:22:in `call'
activesupport (5.2.5) lib/active_support/cache/strategy/local_cache_middleware.rb:29:in `call'
actionpack (5.2.5) lib/action_dispatch/middleware/executor.rb:14:in `call'
actionpack (5.2.5) lib/action_dispatch/middleware/static.rb:127:in `call'
rack (2.2.3) lib/rack/sendfile.rb:110:in `call'
railties (5.2.5) lib/rails/engine.rb:524:in `call'
puma (3.12.6) lib/puma/configuration.rb:227:in `call'
puma (3.12.6) lib/puma/server.rb:706:in `handle_request'
puma (3.12.6) lib/puma/server.rb:476:in `process_client'
puma (3.12.6) lib/puma/server.rb:334:in `block in run'
puma (3.12.6) lib/puma/thread_pool.rb:135:in `block in spawn_thread'
Started GET "/" for 60.100.94.209 at 2021-04-15 08:56:41 +0000
Cannot render console from 60.100.94.209! Allowed networks: 127.0.0.1, ::1, 127.0.0.0/127.255.255.255
  [1m[35m (0.7ms)[0m  [1m[34mSELECT "schema_migrations"."version" FROM "schema_migrations" ORDER BY "schema_migrations"."version" ASC[0m
  ↳ /home/ec2-user/.rvm/gems/ruby-2.6.3/gems/activerecord-5.2.5/lib/active_record/log_subscriber.rb:98
Processing by HomesController#top as HTML
  Rendering homes/top.html.erb within layouts/application
  Rendered homes/top.html.erb within layouts/application (1.6ms)
Completed 200 OK in 227ms (Views: 216.4ms | ActiveRecord: 0.0ms)


Started GET "/" for 60.100.94.209 at 2021-04-15 08:56:42 +0000
Cannot render console from 60.100.94.209! Allowed networks: 127.0.0.1, ::1, 127.0.0.0/127.255.255.255
Processing by HomesController#top as HTML
  Rendering homes/top.html.erb within layouts/application
  Rendered homes/top.html.erb within layouts/application (0.3ms)
Completed 200 OK in 28ms (Views: 27.5ms | ActiveRecord: 0.0ms)


Started GET "/members/sign_up" for 60.100.94.209 at 2021-04-15 08:57:12 +0000
Cannot render console from 60.100.94.209! Allowed networks: 127.0.0.1, ::1, 127.0.0.0/127.255.255.255
Processing by Devise::RegistrationsController#new as HTML
Completed 500 Internal Server Error in 87ms (ActiveRecord: 0.0ms)


  
NoMethodError (undefined method `configure_permitted_parameters' for #<Devise::RegistrationsController:0x00007fc3411a4828>
Did you mean?  configure_permitted_paramaters):
  
activesupport (5.2.5) lib/active_support/callbacks.rb:426:in `block in make_lambda'
activesupport (5.2.5) lib/active_support/callbacks.rb:179:in `block (2 levels) in halting_and_conditional'
actionpack (5.2.5) lib/abstract_controller/callbacks.rb:34:in `block (2 levels) in <module:Callbacks>'
activesupport (5.2.5) lib/active_support/callbacks.rb:180:in `block in halting_and_conditional'
activesupport (5.2.5) lib/active_support/callbacks.rb:513:in `block in invoke_before'
activesupport (5.2.5) lib/active_support/callbacks.rb:513:in `each'
activesupport (5.2.5) lib/active_support/callbacks.rb:513:in `invoke_before'
activesupport (5.2.5) lib/active_support/callbacks.rb:131:in `run_callbacks'
actionpack (5.2.5) lib/abstract_controller/callbacks.rb:41:in `process_action'
actionpack (5.2.5) lib/action_controller/metal/rescue.rb:22:in `process_action'
actionpack (5.2.5) lib/action_controller/metal/instrumentation.rb:34:in `block in process_action'
activesupport (5.2.5) lib/active_support/notifications.rb:168:in `block in instrument'
activesupport (5.2.5) lib/active_support/notifications/instrumenter.rb:23:in `instrument'
activesupport (5.2.5) lib/active_support/notifications.rb:168:in `instrument'
actionpack (5.2.5) lib/action_controller/metal/instrumentation.rb:32:in `process_action'
actionpack (5.2.5) lib/action_controller/metal/params_wrapper.rb:256:in `process_action'
activerecord (5.2.5) lib/active_record/railties/controller_runtime.rb:24:in `process_action'
actionpack (5.2.5) lib/abstract_controller/base.rb:134:in `process'
actionview (5.2.5) lib/action_view/rendering.rb:32:in `process'
actionpack (5.2.5) lib/action_controller/metal.rb:191:in `dispatch'
actionpack (5.2.5) lib/action_controller/metal.rb:252:in `dispatch'
actionpack (5.2.5) lib/action_dispatch/routing/route_set.rb:52:in `dispatch'
actionpack (5.2.5) lib/action_dispatch/routing/route_set.rb:34:in `serve'
actionpack (5.2.5) lib/action_dispatch/routing/mapper.rb:18:in `block in <class:Constraints>'
actionpack (5.2.5) lib/action_dispatch/routing/mapper.rb:48:in `serve'
actionpack (5.2.5) lib/action_dispatch/journey/router.rb:52:in `block in serve'
actionpack (5.2.5) lib/action_dispatch/journey/router.rb:35:in `each'
actionpack (5.2.5) lib/action_dispatch/journey/router.rb:35:in `serve'
actionpack (5.2.5) lib/action_dispatch/routing/route_set.rb:840:in `call'
warden (1.2.9) lib/warden/manager.rb:36:in `block in call'
warden (1.2.9) lib/warden/manager.rb:34:in `catch'
warden (1.2.9) lib/warden/manager.rb:34:in `call'
rack (2.2.3) lib/rack/tempfile_reaper.rb:15:in `call'
rack (2.2.3) lib/rack/etag.rb:27:in `call'
rack (2.2.3) lib/rack/conditional_get.rb:27:in `call'
rack (2.2.3) lib/rack/head.rb:12:in `call'
actionpack (5.2.5) lib/action_dispatch/http/content_security_policy.rb:18:in `call'
rack (2.2.3) lib/rack/session/abstract/id.rb:266:in `context'
rack (2.2.3) lib/rack/session/abstract/id.rb:260:in `call'
actionpack (5.2.5) lib/action_dispatch/middleware/cookies.rb:670:in `call'
activerecord (5.2.5) lib/active_record/migration.rb:559:in `call'
actionpack (5.2.5) lib/action_dispatch/middleware/callbacks.rb:28:in `block in call'
activesupport (5.2.5) lib/active_support/callbacks.rb:98:in `run_callbacks'
actionpack (5.2.5) lib/action_dispatch/middleware/callbacks.rb:26:in `call'
actionpack (5.2.5) lib/action_dispatch/middleware/executor.rb:14:in `call'
actionpack (5.2.5) lib/action_dispatch/middleware/debug_exceptions.rb:61:in `call'
web-console (3.7.0) lib/web_console/middleware.rb:135:in `call_app'
web-console (3.7.0) lib/web_console/middleware.rb:22:in `block in call'
web-console (3.7.0) lib/web_console/middleware.rb:20:in `catch'
web-console (3.7.0) lib/web_console/middleware.rb:20:in `call'
actionpack (5.2.5) lib/action_dispatch/middleware/show_exceptions.rb:33:in `call'
railties (5.2.5) lib/rails/rack/logger.rb:38:in `call_app'
railties (5.2.5) lib/rails/rack/logger.rb:26:in `block in call'
activesupport (5.2.5) lib/active_support/tagged_logging.rb:71:in `block in tagged'
activesupport (5.2.5) lib/active_support/tagged_logging.rb:28:in `tagged'
activesupport (5.2.5) lib/active_support/tagged_logging.rb:71:in `tagged'
railties (5.2.5) lib/rails/rack/logger.rb:26:in `call'
sprockets-rails (3.2.2) lib/sprockets/rails/quiet_assets.rb:13:in `call'
actionpack (5.2.5) lib/action_dispatch/middleware/remote_ip.rb:81:in `call'
actionpack (5.2.5) lib/action_dispatch/middleware/request_id.rb:27:in `call'
rack (2.2.3) lib/rack/method_override.rb:24:in `call'
rack (2.2.3) lib/rack/runtime.rb:22:in `call'
activesupport (5.2.5) lib/active_support/cache/strategy/local_cache_middleware.rb:29:in `call'
actionpack (5.2.5) lib/action_dispatch/middleware/executor.rb:14:in `call'
actionpack (5.2.5) lib/action_dispatch/middleware/static.rb:127:in `call'
rack (2.2.3) lib/rack/sendfile.rb:110:in `call'
railties (5.2.5) lib/rails/engine.rb:524:in `call'
puma (3.12.6) lib/puma/configuration.rb:227:in `call'
puma (3.12.6) lib/puma/server.rb:706:in `handle_request'
puma (3.12.6) lib/puma/server.rb:476:in `process_client'
puma (3.12.6) lib/puma/server.rb:334:in `block in run'
puma (3.12.6) lib/puma/thread_pool.rb:135:in `block in spawn_thread'
Started GET "/admins/sign_up" for 60.100.94.209 at 2021-04-15 08:57:37 +0000
Cannot render console from 60.100.94.209! Allowed networks: 127.0.0.1, ::1, 127.0.0.0/127.255.255.255
Processing by Devise::RegistrationsController#new as HTML
Completed 500 Internal Server Error in 87ms (ActiveRecord: 0.0ms)


  
NoMethodError (undefined method `configure_permitted_parameters' for #<Devise::RegistrationsController:0x00007fc34145c908>
Did you mean?  configure_permitted_paramaters):
  
activesupport (5.2.5) lib/active_support/callbacks.rb:426:in `block in make_lambda'
activesupport (5.2.5) lib/active_support/callbacks.rb:179:in `block (2 levels) in halting_and_conditional'
actionpack (5.2.5) lib/abstract_controller/callbacks.rb:34:in `block (2 levels) in <module:Callbacks>'
activesupport (5.2.5) lib/active_support/callbacks.rb:180:in `block in halting_and_conditional'
activesupport (5.2.5) lib/active_support/callbacks.rb:513:in `block in invoke_before'
activesupport (5.2.5) lib/active_support/callbacks.rb:513:in `each'
activesupport (5.2.5) lib/active_support/callbacks.rb:513:in `invoke_before'
activesupport (5.2.5) lib/active_support/callbacks.rb:131:in `run_callbacks'
actionpack (5.2.5) lib/abstract_controller/callbacks.rb:41:in `process_action'
actionpack (5.2.5) lib/action_controller/metal/rescue.rb:22:in `process_action'
actionpack (5.2.5) lib/action_controller/metal/instrumentation.rb:34:in `block in process_action'
activesupport (5.2.5) lib/active_support/notifications.rb:168:in `block in instrument'
activesupport (5.2.5) lib/active_support/notifications/instrumenter.rb:23:in `instrument'
activesupport (5.2.5) lib/active_support/notifications.rb:168:in `instrument'
actionpack (5.2.5) lib/action_controller/metal/instrumentation.rb:32:in `process_action'
actionpack (5.2.5) lib/action_controller/metal/params_wrapper.rb:256:in `process_action'
activerecord (5.2.5) lib/active_record/railties/controller_runtime.rb:24:in `process_action'
actionpack (5.2.5) lib/abstract_controller/base.rb:134:in `process'
actionview (5.2.5) lib/action_view/rendering.rb:32:in `process'
actionpack (5.2.5) lib/action_controller/metal.rb:191:in `dispatch'
actionpack (5.2.5) lib/action_controller/metal.rb:252:in `dispatch'
actionpack (5.2.5) lib/action_dispatch/routing/route_set.rb:52:in `dispatch'
actionpack (5.2.5) lib/action_dispatch/routing/route_set.rb:34:in `serve'
actionpack (5.2.5) lib/action_dispatch/routing/mapper.rb:18:in `block in <class:Constraints>'
actionpack (5.2.5) lib/action_dispatch/routing/mapper.rb:48:in `serve'
actionpack (5.2.5) lib/action_dispatch/journey/router.rb:52:in `block in serve'
actionpack (5.2.5) lib/action_dispatch/journey/router.rb:35:in `each'
actionpack (5.2.5) lib/action_dispatch/journey/router.rb:35:in `serve'
actionpack (5.2.5) lib/action_dispatch/routing/route_set.rb:840:in `call'
warden (1.2.9) lib/warden/manager.rb:36:in `block in call'
warden (1.2.9) lib/warden/manager.rb:34:in `catch'
warden (1.2.9) lib/warden/manager.rb:34:in `call'
rack (2.2.3) lib/rack/tempfile_reaper.rb:15:in `call'
rack (2.2.3) lib/rack/etag.rb:27:in `call'
rack (2.2.3) lib/rack/conditional_get.rb:27:in `call'
rack (2.2.3) lib/rack/head.rb:12:in `call'
actionpack (5.2.5) lib/action_dispatch/http/content_security_policy.rb:18:in `call'
rack (2.2.3) lib/rack/session/abstract/id.rb:266:in `context'
rack (2.2.3) lib/rack/session/abstract/id.rb:260:in `call'
actionpack (5.2.5) lib/action_dispatch/middleware/cookies.rb:670:in `call'
activerecord (5.2.5) lib/active_record/migration.rb:559:in `call'
actionpack (5.2.5) lib/action_dispatch/middleware/callbacks.rb:28:in `block in call'
activesupport (5.2.5) lib/active_support/callbacks.rb:98:in `run_callbacks'
actionpack (5.2.5) lib/action_dispatch/middleware/callbacks.rb:26:in `call'
actionpack (5.2.5) lib/action_dispatch/middleware/executor.rb:14:in `call'
actionpack (5.2.5) lib/action_dispatch/middleware/debug_exceptions.rb:61:in `call'
web-console (3.7.0) lib/web_console/middleware.rb:135:in `call_app'
web-console (3.7.0) lib/web_console/middleware.rb:22:in `block in call'
web-console (3.7.0) lib/web_console/middleware.rb:20:in `catch'
web-console (3.7.0) lib/web_console/middleware.rb:20:in `call'
actionpack (5.2.5) lib/action_dispatch/middleware/show_exceptions.rb:33:in `call'
railties (5.2.5) lib/rails/rack/logger.rb:38:in `call_app'
railties (5.2.5) lib/rails/rack/logger.rb:26:in `block in call'
activesupport (5.2.5) lib/active_support/tagged_logging.rb:71:in `block in tagged'
activesupport (5.2.5) lib/active_support/tagged_logging.rb:28:in `tagged'
activesupport (5.2.5) lib/active_support/tagged_logging.rb:71:in `tagged'
railties (5.2.5) lib/rails/rack/logger.rb:26:in `call'
sprockets-rails (3.2.2) lib/sprockets/rails/quiet_assets.rb:13:in `call'
actionpack (5.2.5) lib/action_dispatch/middleware/remote_ip.rb:81:in `call'
actionpack (5.2.5) lib/action_dispatch/middleware/request_id.rb:27:in `call'
rack (2.2.3) lib/rack/method_override.rb:24:in `call'
rack (2.2.3) lib/rack/runtime.rb:22:in `call'
activesupport (5.2.5) lib/active_support/cache/strategy/local_cache_middleware.rb:29:in `call'
actionpack (5.2.5) lib/action_dispatch/middleware/executor.rb:14:in `call'
actionpack (5.2.5) lib/action_dispatch/middleware/static.rb:127:in `call'
rack (2.2.3) lib/rack/sendfile.rb:110:in `call'
railties (5.2.5) lib/rails/engine.rb:524:in `call'
puma (3.12.6) lib/puma/configuration.rb:227:in `call'
puma (3.12.6) lib/puma/server.rb:706:in `handle_request'
puma (3.12.6) lib/puma/server.rb:476:in `process_client'
puma (3.12.6) lib/puma/server.rb:334:in `block in run'
puma (3.12.6) lib/puma/thread_pool.rb:135:in `block in spawn_thread'
Started GET "/admins/sign_up" for 60.100.94.209 at 2021-04-15 08:59:09 +0000
Cannot render console from 60.100.94.209! Allowed networks: 127.0.0.1, ::1, 127.0.0.0/127.255.255.255
Processing by Devise::RegistrationsController#new as HTML
  Rendering devise/registrations/new.html.erb within layouts/application
  Rendered devise/shared/_error_messages.html.erb (0.5ms)
  Rendered devise/shared/_links.html.erb (3.2ms)
  Rendered devise/registrations/new.html.erb within layouts/application (80.4ms)
Completed 200 OK in 161ms (Views: 127.4ms | ActiveRecord: 4.4ms)


Started GET "/members/sign_up" for 60.100.94.209 at 2021-04-15 08:59:29 +0000
Cannot render console from 60.100.94.209! Allowed networks: 127.0.0.1, ::1, 127.0.0.0/127.255.255.255
Processing by Devise::RegistrationsController#new as HTML
  Rendering devise/registrations/new.html.erb within layouts/application
  Rendered devise/shared/_error_messages.html.erb (0.4ms)
  Rendered devise/shared/_links.html.erb (1.4ms)
  Rendered devise/registrations/new.html.erb within layouts/application (9.1ms)
Completed 200 OK in 65ms (Views: 49.7ms | ActiveRecord: 1.3ms)


Started POST "/members" for 60.100.94.209 at 2021-04-15 09:00:27 +0000
Cannot render console from 60.100.94.209! Allowed networks: 127.0.0.1, ::1, 127.0.0.0/127.255.255.255
Processing by Devise::RegistrationsController#create as HTML
  Parameters: {"utf8"=>"✓", "authenticity_token"=>"f4PKdXezItwkLtHj9p_8VbcSgkklPlTXgAZM_53Cyrnrh0dcHxDl-VfHMXNLH0VuM551DToBMPNqlLtOhmDROA", "member"=>{"name"=>"test", "email"=>"test@test", "password"=>"[FILTERED]", "password_confirmation"=>"[FILTERED]"}, "commit"=>"Sign up"}
  [1m[35m (0.1ms)[0m  [1m[36mbegin transaction[0m
  ↳ /home/ec2-user/.rvm/gems/ruby-2.6.3/gems/activerecord-5.2.5/lib/active_record/log_subscriber.rb:98
  [1m[36mMember Exists (0.2ms)[0m  [1m[34mSELECT  1 AS one FROM "members" WHERE "members"."email" = ? LIMIT ?[0m  [["email", "test@test"], ["LIMIT", 1]]
  ↳ /home/ec2-user/.rvm/gems/ruby-2.6.3/gems/activerecord-5.2.5/lib/active_record/log_subscriber.rb:98
  [1m[36mMember Create (3.9ms)[0m  [1m[32mINSERT INTO "members" ("email", "encrypted_password", "name", "created_at", "updated_at") VALUES (?, ?, ?, ?, ?)[0m  [["email", "test@test"], ["encrypted_password", "$2a$12$YSswec64CiqNcspcmFLaxuaUfJ5G54XaC/q0NOwSGllCPcR6WJJS6"], ["name", "test"], ["created_at", "2021-04-15 09:00:28.278232"], ["updated_at", "2021-04-15 09:00:28.278232"]]
  ↳ /home/ec2-user/.rvm/gems/ruby-2.6.3/gems/activerecord-5.2.5/lib/active_record/log_subscriber.rb:98
  [1m[35m (5.2ms)[0m  [1m[36mcommit transaction[0m
  ↳ /home/ec2-user/.rvm/gems/ruby-2.6.3/gems/activerecord-5.2.5/lib/active_record/log_subscriber.rb:98
Redirected to https://131269644d3541a2ac3f9f6ab6ef7b09.vfs.cloud9.ap-northeast-1.amazonaws.com/
Completed 302 Found in 354ms (ActiveRecord: 9.3ms)


Started GET "/" for 60.100.94.209 at 2021-04-15 09:00:28 +0000
Cannot render console from 60.100.94.209! Allowed networks: 127.0.0.1, ::1, 127.0.0.0/127.255.255.255
Processing by HomesController#top as HTML
  Rendering homes/top.html.erb within layouts/application
  Rendered homes/top.html.erb within layouts/application (0.3ms)
Completed 200 OK in 39ms (Views: 37.6ms | ActiveRecord: 0.0ms)


Started GET "/" for 60.100.94.209 at 2021-04-15 09:19:44 +0000
Cannot render console from 60.100.94.209! Allowed networks: 127.0.0.1, ::1, 127.0.0.0/127.255.255.255
  [1m[35m (0.1ms)[0m  [1m[34mSELECT "schema_migrations"."version" FROM "schema_migrations" ORDER BY "schema_migrations"."version" ASC[0m
  ↳ /home/ec2-user/.rvm/gems/ruby-2.6.3/gems/activerecord-5.2.5/lib/active_record/log_subscriber.rb:98
Processing by HomesController#top as HTML
  Rendering homes/top.html.erb within layouts/application
  Rendered homes/top.html.erb within layouts/application (1.2ms)
Completed 500 Internal Server Error in 25ms (ActiveRecord: 0.0ms)


  
SyntaxError (/home/ec2-user/environment/Radioconnection/app/views/layouts/application.html.erb:36: syntax error, unexpected ensure, expecting end
          ensure
          ^~~~~~
/home/ec2-user/environment/Radioconnection/app/views/layouts/application.html.erb:38: syntax error, unexpected end-of-input, expecting end):
  
app/views/layouts/application.html.erb:36: syntax error, unexpected ensure, expecting end
app/views/layouts/application.html.erb:38: syntax error, unexpected end-of-input, expecting end
Started GET "/" for 60.100.94.209 at 2021-04-15 09:19:46 +0000
Cannot render console from 60.100.94.209! Allowed networks: 127.0.0.1, ::1, 127.0.0.0/127.255.255.255
Processing by HomesController#top as HTML
  Rendering homes/top.html.erb within layouts/application
  Rendered homes/top.html.erb within layouts/application (0.3ms)
Completed 500 Internal Server Error in 6ms (ActiveRecord: 0.0ms)


  
SyntaxError (/home/ec2-user/environment/Radioconnection/app/views/layouts/application.html.erb:36: syntax error, unexpected ensure, expecting end
          ensure
          ^~~~~~
/home/ec2-user/environment/Radioconnection/app/views/layouts/application.html.erb:38: syntax error, unexpected end-of-input, expecting end):
  
app/views/layouts/application.html.erb:36: syntax error, unexpected ensure, expecting end
app/views/layouts/application.html.erb:38: syntax error, unexpected end-of-input, expecting end
Started GET "/" for 60.100.94.209 at 2021-04-15 09:25:50 +0000
Cannot render console from 60.100.94.209! Allowed networks: 127.0.0.1, ::1, 127.0.0.0/127.255.255.255
  [1m[35m (0.1ms)[0m  [1m[34mSELECT "schema_migrations"."version" FROM "schema_migrations" ORDER BY "schema_migrations"."version" ASC[0m
  ↳ /home/ec2-user/.rvm/gems/ruby-2.6.3/gems/activerecord-5.2.5/lib/active_record/log_subscriber.rb:98
Processing by HomesController#top as HTML
  Rendering homes/top.html.erb within layouts/application
  Rendered homes/top.html.erb within layouts/application (0.5ms)
Completed 500 Internal Server Error in 19ms (ActiveRecord: 0.0ms)


  
SyntaxError (/home/ec2-user/environment/Radioconnection/app/views/layouts/application.html.erb:36: syntax error, unexpected ensure, expecting end
          ensure
          ^~~~~~
/home/ec2-user/environment/Radioconnection/app/views/layouts/application.html.erb:38: syntax error, unexpected end-of-input, expecting end):
  
app/views/layouts/application.html.erb:36: syntax error, unexpected ensure, expecting end
app/views/layouts/application.html.erb:38: syntax error, unexpected end-of-input, expecting end
Started GET "/" for 60.100.94.209 at 2021-04-15 09:25:52 +0000
Cannot render console from 60.100.94.209! Allowed networks: 127.0.0.1, ::1, 127.0.0.0/127.255.255.255
Processing by HomesController#top as HTML
  Rendering homes/top.html.erb within layouts/application
  Rendered homes/top.html.erb within layouts/application (0.3ms)
Completed 500 Internal Server Error in 5ms (ActiveRecord: 0.0ms)


  
SyntaxError (/home/ec2-user/environment/Radioconnection/app/views/layouts/application.html.erb:36: syntax error, unexpected ensure, expecting end
          ensure
          ^~~~~~
/home/ec2-user/environment/Radioconnection/app/views/layouts/application.html.erb:38: syntax error, unexpected end-of-input, expecting end):
  
app/views/layouts/application.html.erb:36: syntax error, unexpected ensure, expecting end
app/views/layouts/application.html.erb:38: syntax error, unexpected end-of-input, expecting end
Started GET "/" for 60.100.94.209 at 2021-04-15 09:27:05 +0000
Cannot render console from 60.100.94.209! Allowed networks: 127.0.0.1, ::1, 127.0.0.0/127.255.255.255
Processing by HomesController#top as HTML
  Rendering homes/top.html.erb within layouts/application
  Rendered homes/top.html.erb within layouts/application (0.3ms)
Completed 500 Internal Server Error in 411ms (ActiveRecord: 0.0ms)


  
ActionView::Template::Error (undefined method `admin_sign_in?' for #<#<Class:0x00000000041dfe08>:0x00007f285c608b38>
Did you mean?  admin_signed_in?):
    10:   </head>
    11: 
    12:   <body>
    13:     <% if admin_sign_in? %>
    14:      <li>
    15:        <%= link_to "Admiin_Logout", destroy_admin_session_path, method: :delete %>
    16:      </li>
  
app/views/layouts/application.html.erb:13:in `_app_views_layouts_application_html_erb__2250114816345753047_69905662641580'
Started GET "/" for 60.100.94.209 at 2021-04-15 09:51:22 +0000
Cannot render console from 60.100.94.209! Allowed networks: 127.0.0.1, ::1, 127.0.0.0/127.255.255.255
  [1m[35m (0.1ms)[0m  [1m[34mSELECT "schema_migrations"."version" FROM "schema_migrations" ORDER BY "schema_migrations"."version" ASC[0m
  ↳ /home/ec2-user/.rvm/gems/ruby-2.6.3/gems/activerecord-5.2.5/lib/active_record/log_subscriber.rb:98
Processing by HomesController#top as HTML
  Rendering homes/top.html.erb within layouts/application
  Rendered homes/top.html.erb within layouts/application (0.5ms)
Completed 500 Internal Server Error in 411ms (ActiveRecord: 0.0ms)


  
ActionView::Template::Error (undefined method `member_sign_in?' for #<#<Class:0x00000000043a7830>:0x00000000043f2010>
Did you mean?  member_signed_in?):
    10:   </head>
    11: 
    12:   <body>
    13:     <%  if member_sign_in? %>
    14:      <li>
    15:        <%= link_to "Member_Logout", destroy_member_session_path, method: :delete %>
    16:      </li>
  
app/views/layouts/application.html.erb:13:in `_app_views_layouts_application_html_erb__839974836605299894_35919700'
Started GET "/" for 60.100.94.209 at 2021-04-15 09:51:23 +0000
Cannot render console from 60.100.94.209! Allowed networks: 127.0.0.1, ::1, 127.0.0.0/127.255.255.255
Processing by HomesController#top as HTML
  Rendering homes/top.html.erb within layouts/application
  Rendered homes/top.html.erb within layouts/application (0.3ms)
Completed 500 Internal Server Error in 149ms (ActiveRecord: 0.0ms)


  
ActionView::Template::Error (undefined method `member_sign_in?' for #<#<Class:0x00000000043a7830>:0x00007ff07cca17b8>
Did you mean?  member_signed_in?):
    10:   </head>
    11: 
    12:   <body>
    13:     <%  if member_sign_in? %>
    14:      <li>
    15:        <%= link_to "Member_Logout", destroy_member_session_path, method: :delete %>
    16:      </li>
  
app/views/layouts/application.html.erb:13:in `_app_views_layouts_application_html_erb__839974836605299894_70335431302680'
Started GET "/" for 60.100.94.209 at 2021-04-15 09:52:31 +0000
Cannot render console from 60.100.94.209! Allowed networks: 127.0.0.1, ::1, 127.0.0.0/127.255.255.255
Processing by HomesController#top as HTML
  Rendering homes/top.html.erb within layouts/application
  Rendered homes/top.html.erb within layouts/application (0.3ms)
Completed 200 OK in 28ms (Views: 27.1ms | ActiveRecord: 0.0ms)


Started GET "/" for 60.100.94.209 at 2021-04-15 09:53:22 +0000
Cannot render console from 60.100.94.209! Allowed networks: 127.0.0.1, ::1, 127.0.0.0/127.255.255.255
Processing by HomesController#top as HTML
  Rendering homes/top.html.erb within layouts/application
  Rendered homes/top.html.erb within layouts/application (0.3ms)
Completed 500 Internal Server Error in 143ms (ActiveRecord: 0.0ms)


  
ActionView::Template::Error (undefined method `member_sign_in?' for #<#<Class:0x00000000043a7830>:0x00007ff090025570>
Did you mean?  member_signed_in?):
    10:   </head>
    11: 
    12:   <body>
    13:     <%  if member_sign_in? %>
    14:      <li>
    15:        <%= link_to "Member_Logout", destroy_member_session_path, method: :delete %>
    16:      </li>
  
app/views/layouts/application.html.erb:13:in `_app_views_layouts_application_html_erb__839974836605299894_70335592491780'
Started GET "/" for 60.100.94.209 at 2021-04-15 09:53:49 +0000
Cannot render console from 60.100.94.209! Allowed networks: 127.0.0.1, ::1, 127.0.0.0/127.255.255.255
Processing by HomesController#top as HTML
  Rendering homes/top.html.erb within layouts/application
  Rendered homes/top.html.erb within layouts/application (0.3ms)
  [1m[36mMember Load (0.2ms)[0m  [1m[34mSELECT  "members".* FROM "members" WHERE "members"."id" = ? ORDER BY "members"."id" ASC LIMIT ?[0m  [["id", 1], ["LIMIT", 1]]
  ↳ app/views/layouts/application.html.erb:13
Completed 200 OK in 80ms (Views: 76.5ms | ActiveRecord: 1.2ms)


Started GET "/" for 60.100.94.209 at 2021-04-15 09:54:13 +0000
Cannot render console from 60.100.94.209! Allowed networks: 127.0.0.1, ::1, 127.0.0.0/127.255.255.255
Processing by HomesController#top as HTML
  Rendering homes/top.html.erb within layouts/application
  Rendered homes/top.html.erb within layouts/application (0.3ms)
  [1m[36mMember Load (0.1ms)[0m  [1m[34mSELECT  "members".* FROM "members" WHERE "members"."id" = ? ORDER BY "members"."id" ASC LIMIT ?[0m  [["id", 1], ["LIMIT", 1]]
  ↳ app/views/layouts/application.html.erb:17
Completed 200 OK in 42ms (Views: 40.6ms | ActiveRecord: 0.1ms)


Started DELETE "/members/sign_out" for 60.100.94.209 at 2021-04-15 09:54:16 +0000
Cannot render console from 60.100.94.209! Allowed networks: 127.0.0.1, ::1, 127.0.0.0/127.255.255.255
Processing by Devise::SessionsController#destroy as HTML
  Parameters: {"authenticity_token"=>"higOrHCCoHLl4x61bs_fFa8RDYW279ehpk8ROn27iCUSLIOFGCFnV5YK_iXTT2YuK536wanQs4VM3eaLZhmTpA"}
  [1m[36mMember Load (0.1ms)[0m  [1m[34mSELECT  "members".* FROM "members" WHERE "members"."id" = ? ORDER BY "members"."id" ASC LIMIT ?[0m  [["id", 1], ["LIMIT", 1]]
  ↳ /home/ec2-user/.rvm/gems/ruby-2.6.3/gems/activerecord-5.2.5/lib/active_record/log_subscriber.rb:98
  [1m[35m (0.1ms)[0m  [1m[36mbegin transaction[0m
  ↳ /home/ec2-user/.rvm/gems/ruby-2.6.3/gems/activerecord-5.2.5/lib/active_record/log_subscriber.rb:98
  [1m[35m (0.0ms)[0m  [1m[36mcommit transaction[0m
  ↳ /home/ec2-user/.rvm/gems/ruby-2.6.3/gems/activerecord-5.2.5/lib/active_record/log_subscriber.rb:98
Redirected to https://131269644d3541a2ac3f9f6ab6ef7b09.vfs.cloud9.ap-northeast-1.amazonaws.com/
Completed 302 Found in 29ms (ActiveRecord: 0.2ms)


Started GET "/" for 60.100.94.209 at 2021-04-15 09:54:16 +0000
Cannot render console from 60.100.94.209! Allowed networks: 127.0.0.1, ::1, 127.0.0.0/127.255.255.255
Processing by HomesController#top as HTML
  Rendering homes/top.html.erb within layouts/application
  Rendered homes/top.html.erb within layouts/application (0.3ms)
Completed 500 Internal Server Error in 274ms (ActiveRecord: 0.0ms)


  
ActionView::Template::Error (undefined local variable or method `new_user_session_path' for #<#<Class:0x00000000043a7830>:0x00007ff0900d88f0>
Did you mean?  new_member_session_path
               new_session_path
               new_admin_session_path):
    23:        <%= link_to "Member_Sign_up", new_member_registration_path %>
    24:      </li>
    25:      <Li>
    26:        <%= link_to "Member_Login", new_user_session_path %>
    27:      </Li>
    28:      <li>
    29:        <%= link_to "Admin_Login", new_admin_session_path %>
  
app/views/layouts/application.html.erb:26:in `_app_views_layouts_application_html_erb__839974836605299894_70335592924240'
Started GET "/" for 60.100.94.209 at 2021-04-15 09:55:05 +0000
Cannot render console from 60.100.94.209! Allowed networks: 127.0.0.1, ::1, 127.0.0.0/127.255.255.255
Processing by HomesController#top as HTML
  Rendering homes/top.html.erb within layouts/application
  Rendered homes/top.html.erb within layouts/application (0.3ms)
Completed 200 OK in 31ms (Views: 30.7ms | ActiveRecord: 0.0ms)


Started GET "/admins/sign_in" for 60.100.94.209 at 2021-04-15 09:55:18 +0000
Cannot render console from 60.100.94.209! Allowed networks: 127.0.0.1, ::1, 127.0.0.0/127.255.255.255
Processing by Devise::SessionsController#new as HTML
  Rendering devise/sessions/new.html.erb within layouts/application
  Rendered devise/sessions/new.html.erb within layouts/application (206.2ms)
Completed 500 Internal Server Error in 221ms (ActiveRecord: 0.5ms)


  
ActionView::Template::Error (undefined local variable or method `member_sesssion_path' for #<#<Class:0x00007ff0900c3ef0>:0x00007ff0900c23c0>
Did you mean?  member_session_path
               member_session_url):
    1: <h2>Log in</h2>
    2: 
    3: <%= form_with model:@member, url: member_sesssion_path, local:true do |f| %>
    4:   <div class="field">
    5:     <%= f.label :email %><br />
    6:     <%= f.email_field :email, autofocus: true, autocomplete: "email" %>
  
app/views/devise/sessions/new.html.erb:3:in `_app_views_devise_sessions_new_html_erb__1412795591748314729_70335592794140'
Started GET "/" for 60.100.94.209 at 2021-04-15 09:55:22 +0000
Cannot render console from 60.100.94.209! Allowed networks: 127.0.0.1, ::1, 127.0.0.0/127.255.255.255
Processing by HomesController#top as HTML
  Rendering homes/top.html.erb within layouts/application
  Rendered homes/top.html.erb within layouts/application (1.5ms)
Completed 200 OK in 43ms (Views: 41.3ms | ActiveRecord: 0.0ms)


Started GET "/admins/sign_in" for 60.100.94.209 at 2021-04-15 09:55:39 +0000
Cannot render console from 60.100.94.209! Allowed networks: 127.0.0.1, ::1, 127.0.0.0/127.255.255.255
Processing by Devise::SessionsController#new as HTML
  Rendering devise/sessions/new.html.erb within layouts/application
  Rendered devise/sessions/new.html.erb within layouts/application (243.0ms)
Completed 500 Internal Server Error in 250ms (ActiveRecord: 0.0ms)


  
ActionView::Template::Error (undefined local variable or method `member_sesssion_path' for #<#<Class:0x00007ff0900c3ef0>:0x00007ff07d3e9930>
Did you mean?  member_session_path
               member_session_url):
    1: <h2>Log in</h2>
    2: 
    3: <%= form_with model:@member, url: member_sesssion_path, local:true do |f| %>
    4:   <div class="field">
    5:     <%= f.label :email %><br />
    6:     <%= f.email_field :email, autofocus: true, autocomplete: "email" %>
  
app/views/devise/sessions/new.html.erb:3:in `_app_views_devise_sessions_new_html_erb__1412795591748314729_70335435036240'
Started GET "/admins/sign_in" for 60.100.94.209 at 2021-04-15 09:57:03 +0000
Cannot render console from 60.100.94.209! Allowed networks: 127.0.0.1, ::1, 127.0.0.0/127.255.255.255
Processing by Devise::SessionsController#new as HTML
  Rendering devise/sessions/new.html.erb within layouts/application
  Rendered devise/sessions/new.html.erb within layouts/application (207.6ms)
Completed 500 Internal Server Error in 213ms (ActiveRecord: 0.0ms)


  
ActionView::Template::Error (undefined local variable or method `member_sesssion_path' for #<#<Class:0x00007ff0900c3ef0>:0x00007ff0900dfdf8>
Did you mean?  member_session_path
               member_session_url):
    1: <h2>Log in</h2>
    2: 
    3: <%= form_with model:@member, url: member_sesssion_path, local:true do |f| %>
    4:   <div class="field">
    5:     <%= f.label :email %><br />
    6:     <%= f.email_field :email, autofocus: true, autocomplete: "email" %>
  
app/views/devise/sessions/new.html.erb:3:in `_app_views_devise_sessions_new_html_erb__1412795591748314729_70335592854700'
Started GET "/admins/sign_in" for 60.100.94.209 at 2021-04-15 09:57:04 +0000
Cannot render console from 60.100.94.209! Allowed networks: 127.0.0.1, ::1, 127.0.0.0/127.255.255.255
Processing by Devise::SessionsController#new as HTML
  Rendering devise/sessions/new.html.erb within layouts/application
  Rendered devise/sessions/new.html.erb within layouts/application (259.1ms)
Completed 500 Internal Server Error in 266ms (ActiveRecord: 0.0ms)


  
ActionView::Template::Error (undefined local variable or method `member_sesssion_path' for #<#<Class:0x00007ff0900c3ef0>:0x00007ff07d114110>
Did you mean?  member_session_path
               member_session_url):
    1: <h2>Log in</h2>
    2: 
    3: <%= form_with model:@member, url: member_sesssion_path, local:true do |f| %>
    4:   <div class="field">
    5:     <%= f.label :email %><br />
    6:     <%= f.email_field :email, autofocus: true, autocomplete: "email" %>
  
app/views/devise/sessions/new.html.erb:3:in `_app_views_devise_sessions_new_html_erb__1412795591748314729_70335433550320'
Started GET "/" for 60.100.94.209 at 2021-04-15 09:57:18 +0000
Cannot render console from 60.100.94.209! Allowed networks: 127.0.0.1, ::1, 127.0.0.0/127.255.255.255
Processing by HomesController#top as HTML
  Rendering homes/top.html.erb within layouts/application
  Rendered homes/top.html.erb within layouts/application (0.3ms)
Completed 200 OK in 26ms (Views: 25.5ms | ActiveRecord: 0.0ms)


Started GET "/members/sign_up" for 60.100.94.209 at 2021-04-15 09:57:20 +0000
Cannot render console from 60.100.94.209! Allowed networks: 127.0.0.1, ::1, 127.0.0.0/127.255.255.255
Processing by Devise::RegistrationsController#new as HTML
  Rendering devise/registrations/new.html.erb within layouts/application
  Rendered devise/shared/_error_messages.html.erb (0.5ms)
  Rendered devise/shared/_links.html.erb (1.7ms)
  Rendered devise/registrations/new.html.erb within layouts/application (15.0ms)
Completed 200 OK in 43ms (Views: 41.7ms | ActiveRecord: 0.0ms)


Started GET "/members/sign_in" for 60.100.94.209 at 2021-04-15 09:57:22 +0000
Cannot render console from 60.100.94.209! Allowed networks: 127.0.0.1, ::1, 127.0.0.0/127.255.255.255
Processing by Devise::SessionsController#new as HTML
  Rendering devise/sessions/new.html.erb within layouts/application
  Rendered devise/sessions/new.html.erb within layouts/application (210.3ms)
Completed 500 Internal Server Error in 216ms (ActiveRecord: 0.0ms)


  
ActionView::Template::Error (undefined local variable or method `member_sesssion_path' for #<#<Class:0x00007ff0900c3ef0>:0x00007ff0904f60b8>
Did you mean?  member_session_path
               member_session_url):
    1: <h2>Log in</h2>
    2: 
    3: <%= form_with model:@member, url: member_sesssion_path, local:true do |f| %>
    4:   <div class="field">
    5:     <%= f.label :email %><br />
    6:     <%= f.email_field :email, autofocus: true, autocomplete: "email" %>
  
app/views/devise/sessions/new.html.erb:3:in `_app_views_devise_sessions_new_html_erb__1412795591748314729_70335594997540'
Started GET "/members/sign_in" for 60.100.94.209 at 2021-04-15 09:58:08 +0000
Cannot render console from 60.100.94.209! Allowed networks: 127.0.0.1, ::1, 127.0.0.0/127.255.255.255
Processing by Devise::SessionsController#new as HTML
  Rendering devise/sessions/new.html.erb within layouts/application
  Rendered devise/shared/_links.html.erb (2.5ms)
  Rendered devise/sessions/new.html.erb within layouts/application (21.4ms)
Completed 200 OK in 50ms (Views: 48.9ms | ActiveRecord: 0.0ms)


Started GET "/members/sign_in" for 60.100.94.209 at 2021-04-15 09:58:24 +0000
Cannot render console from 60.100.94.209! Allowed networks: 127.0.0.1, ::1, 127.0.0.0/127.255.255.255
Processing by Devise::SessionsController#new as HTML
  Rendering devise/sessions/new.html.erb within layouts/application
  Rendered devise/shared/_links.html.erb (0.8ms)
  Rendered devise/sessions/new.html.erb within layouts/application (4.6ms)
Completed 200 OK in 34ms (Views: 33.5ms | ActiveRecord: 0.0ms)


Started GET "/admins/sign_in" for 60.100.94.209 at 2021-04-15 09:58:25 +0000
Cannot render console from 60.100.94.209! Allowed networks: 127.0.0.1, ::1, 127.0.0.0/127.255.255.255
Processing by Devise::SessionsController#new as HTML
  Rendering devise/sessions/new.html.erb within layouts/application
  Rendered devise/shared/_links.html.erb (1.9ms)
  Rendered devise/sessions/new.html.erb within layouts/application (5.0ms)
Completed 200 OK in 33ms (Views: 32.1ms | ActiveRecord: 0.0ms)


Started GET "/admins/sign_in" for 60.100.94.209 at 2021-04-15 09:58:55 +0000
Cannot render console from 60.100.94.209! Allowed networks: 127.0.0.1, ::1, 127.0.0.0/127.255.255.255
Processing by Devise::SessionsController#new as HTML
  Rendering devise/sessions/new.html.erb within layouts/application
  Rendered devise/shared/_links.html.erb (0.7ms)
  Rendered devise/sessions/new.html.erb within layouts/application (5.2ms)
Completed 200 OK in 42ms (Views: 41.3ms | ActiveRecord: 0.0ms)


Started GET "/members/sign_in" for 60.100.94.209 at 2021-04-15 09:58:58 +0000
Cannot render console from 60.100.94.209! Allowed networks: 127.0.0.1, ::1, 127.0.0.0/127.255.255.255
Processing by Devise::SessionsController#new as HTML
  Rendering devise/sessions/new.html.erb within layouts/application
  Rendered devise/shared/_links.html.erb (0.8ms)
  Rendered devise/sessions/new.html.erb within layouts/application (4.9ms)
Completed 200 OK in 32ms (Views: 30.9ms | ActiveRecord: 0.0ms)


Started POST "/members/sign_in" for 60.100.94.209 at 2021-04-15 09:59:07 +0000
Cannot render console from 60.100.94.209! Allowed networks: 127.0.0.1, ::1, 127.0.0.0/127.255.255.255
Processing by Devise::SessionsController#create as HTML
  Parameters: {"utf8"=>"✓", "authenticity_token"=>"kzpWhgSpn_fSu_OyWok04-4WNQS6DJKI41xi016-ceal6AegW1KQJiYoZzuZek4vG2ixX5WKX_gy-U86bLSYlA", "member"=>{"email"=>"test@test", "password"=>"[FILTERED]", "remember_me"=>"0"}, "commit"=>"Log in"}
  [1m[36mMember Load (0.2ms)[0m  [1m[34mSELECT  "members".* FROM "members" WHERE "members"."email" = ? ORDER BY "members"."id" ASC LIMIT ?[0m  [["email", "test@test"], ["LIMIT", 1]]
  ↳ /home/ec2-user/.rvm/gems/ruby-2.6.3/gems/activerecord-5.2.5/lib/active_record/log_subscriber.rb:98
Redirected to https://131269644d3541a2ac3f9f6ab6ef7b09.vfs.cloud9.ap-northeast-1.amazonaws.com/
Completed 302 Found in 337ms (ActiveRecord: 0.2ms)


Started GET "/" for 60.100.94.209 at 2021-04-15 09:59:07 +0000
Cannot render console from 60.100.94.209! Allowed networks: 127.0.0.1, ::1, 127.0.0.0/127.255.255.255
Processing by HomesController#top as HTML
  Rendering homes/top.html.erb within layouts/application
  Rendered homes/top.html.erb within layouts/application (0.3ms)
  [1m[36mMember Load (0.1ms)[0m  [1m[34mSELECT  "members".* FROM "members" WHERE "members"."id" = ? ORDER BY "members"."id" ASC LIMIT ?[0m  [["id", 1], ["LIMIT", 1]]
  ↳ app/views/layouts/application.html.erb:13
Completed 200 OK in 51ms (Views: 50.4ms | ActiveRecord: 0.1ms)


Started DELETE "/members/sign_out" for 60.100.94.209 at 2021-04-15 09:59:11 +0000
Cannot render console from 60.100.94.209! Allowed networks: 127.0.0.1, ::1, 127.0.0.0/127.255.255.255
Processing by Devise::SessionsController#destroy as HTML
  Parameters: {"authenticity_token"=>"61MosxtplGk_8qjLge8bfREiSPkuuGUH9vD_5NctOsKoho_gYHbiuA6MT_8FBHrS_lG0tIMezGCpp9era9swWA"}
  [1m[36mMember Load (0.1ms)[0m  [1m[34mSELECT  "members".* FROM "members" WHERE "members"."id" = ? ORDER BY "members"."id" ASC LIMIT ?[0m  [["id", 1], ["LIMIT", 1]]
  ↳ /home/ec2-user/.rvm/gems/ruby-2.6.3/gems/activerecord-5.2.5/lib/active_record/log_subscriber.rb:98
  [1m[35m (0.1ms)[0m  [1m[36mbegin transaction[0m
  ↳ /home/ec2-user/.rvm/gems/ruby-2.6.3/gems/activerecord-5.2.5/lib/active_record/log_subscriber.rb:98
  [1m[35m (0.1ms)[0m  [1m[36mcommit transaction[0m
  ↳ /home/ec2-user/.rvm/gems/ruby-2.6.3/gems/activerecord-5.2.5/lib/active_record/log_subscriber.rb:98
Redirected to https://131269644d3541a2ac3f9f6ab6ef7b09.vfs.cloud9.ap-northeast-1.amazonaws.com/
Completed 302 Found in 8ms (ActiveRecord: 0.2ms)


Started GET "/" for 60.100.94.209 at 2021-04-15 09:59:11 +0000
Cannot render console from 60.100.94.209! Allowed networks: 127.0.0.1, ::1, 127.0.0.0/127.255.255.255
Processing by HomesController#top as HTML
  Rendering homes/top.html.erb within layouts/application
  Rendered homes/top.html.erb within layouts/application (0.3ms)
Completed 200 OK in 27ms (Views: 26.6ms | ActiveRecord: 0.0ms)


Started GET "/" for 60.100.94.209 at 2021-04-16 08:23:29 +0000
Cannot render console from 60.100.94.209! Allowed networks: 127.0.0.1, ::1, 127.0.0.0/127.255.255.255
  [1m[35m (0.1ms)[0m  [1m[34mSELECT "schema_migrations"."version" FROM "schema_migrations" ORDER BY "schema_migrations"."version" ASC[0m
  ↳ /home/ec2-user/.rvm/gems/ruby-2.6.3/gems/activerecord-5.2.5/lib/active_record/log_subscriber.rb:98
Processing by HomesController#top as HTML
  Rendering homes/top.html.erb within layouts/application
  Rendered homes/top.html.erb within layouts/application (1.2ms)
Completed 200 OK in 220ms (Views: 208.1ms | ActiveRecord: 0.0ms)


Started GET "/" for 60.100.94.209 at 2021-04-16 08:23:32 +0000
Cannot render console from 60.100.94.209! Allowed networks: 127.0.0.1, ::1, 127.0.0.0/127.255.255.255
Processing by HomesController#top as HTML
  Rendering homes/top.html.erb within layouts/application
  Rendered homes/top.html.erb within layouts/application (0.3ms)
Completed 200 OK in 24ms (Views: 22.9ms | ActiveRecord: 0.0ms)


Started GET "/admins/sign_in" for 60.100.94.209 at 2021-04-16 08:23:35 +0000
Cannot render console from 60.100.94.209! Allowed networks: 127.0.0.1, ::1, 127.0.0.0/127.255.255.255
Processing by Devise::SessionsController#new as HTML
  Rendering devise/sessions/new.html.erb within layouts/application
  Rendered devise/shared/_links.html.erb (1.9ms)
  Rendered devise/sessions/new.html.erb within layouts/application (19.8ms)
Completed 200 OK in 52ms (Views: 42.0ms | ActiveRecord: 0.6ms)


Started GET "/admins/sign_up" for 60.100.94.209 at 2021-04-16 08:23:41 +0000
Cannot render console from 60.100.94.209! Allowed networks: 127.0.0.1, ::1, 127.0.0.0/127.255.255.255
Processing by Devise::RegistrationsController#new as HTML
  Rendering devise/registrations/new.html.erb within layouts/application
  Rendered devise/shared/_error_messages.html.erb (0.4ms)
  Rendered devise/shared/_links.html.erb (0.8ms)
  Rendered devise/registrations/new.html.erb within layouts/application (7.3ms)
Completed 200 OK in 29ms (Views: 28.5ms | ActiveRecord: 0.0ms)


Started GET "/members/sign_in" for 60.100.94.209 at 2021-04-16 08:26:50 +0000
Cannot render console from 60.100.94.209! Allowed networks: 127.0.0.1, ::1, 127.0.0.0/127.255.255.255
Processing by Devise::SessionsController#new as HTML
  Rendering devise/sessions/new.html.erb within layouts/application
  Rendered devise/shared/_links.html.erb (0.9ms)
  Rendered devise/sessions/new.html.erb within layouts/application (4.5ms)
Completed 200 OK in 41ms (Views: 28.4ms | ActiveRecord: 0.5ms)


Started POST "/members/sign_in" for 60.100.94.209 at 2021-04-16 08:26:52 +0000
Cannot render console from 60.100.94.209! Allowed networks: 127.0.0.1, ::1, 127.0.0.0/127.255.255.255
Processing by Devise::SessionsController#create as HTML
  Parameters: {"utf8"=>"✓", "authenticity_token"=>"snIQh882BeI0vei6XBWnI_sQ9NMmTCKtqZZxyu71WwBhe6AV_f2TwjkOOmQT7a2VB6DbbXHgH6wE3BqxwhkHpQ", "member"=>{"email"=>"test@test", "password"=>"[FILTERED]", "remember_me"=>"0"}, "commit"=>"Log in"}
  [1m[36mMember Load (0.3ms)[0m  [1m[34mSELECT  "members".* FROM "members" WHERE "members"."email" = ? ORDER BY "members"."id" ASC LIMIT ?[0m  [["email", "test@test"], ["LIMIT", 1]]
  ↳ /home/ec2-user/.rvm/gems/ruby-2.6.3/gems/activerecord-5.2.5/lib/active_record/log_subscriber.rb:98
Redirected to https://131269644d3541a2ac3f9f6ab6ef7b09.vfs.cloud9.ap-northeast-1.amazonaws.com/
Completed 302 Found in 325ms (ActiveRecord: 0.3ms)


Started GET "/" for 60.100.94.209 at 2021-04-16 08:26:52 +0000
Cannot render console from 60.100.94.209! Allowed networks: 127.0.0.1, ::1, 127.0.0.0/127.255.255.255
Processing by HomesController#top as HTML
  Rendering homes/top.html.erb within layouts/application
  Rendered homes/top.html.erb within layouts/application (0.3ms)
  [1m[36mMember Load (0.2ms)[0m  [1m[34mSELECT  "members".* FROM "members" WHERE "members"."id" = ? ORDER BY "members"."id" ASC LIMIT ?[0m  [["id", 1], ["LIMIT", 1]]
  ↳ app/views/layouts/application.html.erb:17
Completed 200 OK in 30ms (Views: 28.5ms | ActiveRecord: 0.2ms)


Started DELETE "/members/sign_out" for 60.100.94.209 at 2021-04-16 08:26:55 +0000
Cannot render console from 60.100.94.209! Allowed networks: 127.0.0.1, ::1, 127.0.0.0/127.255.255.255
Processing by Devise::SessionsController#destroy as HTML
  Parameters: {"authenticity_token"=>"81reLKx4SqA1Ia_EffhZehsUHjwP8MU7QX0R2oUzkn8y5kB3Dg-UljpTx1H8jUPxCSoq8Crh578zY5A5MklZKg"}
  [1m[36mMember Load (0.1ms)[0m  [1m[34mSELECT  "members".* FROM "members" WHERE "members"."id" = ? ORDER BY "members"."id" ASC LIMIT ?[0m  [["id", 1], ["LIMIT", 1]]
  ↳ /home/ec2-user/.rvm/gems/ruby-2.6.3/gems/activerecord-5.2.5/lib/active_record/log_subscriber.rb:98
  [1m[35m (0.1ms)[0m  [1m[36mbegin transaction[0m
  ↳ /home/ec2-user/.rvm/gems/ruby-2.6.3/gems/activerecord-5.2.5/lib/active_record/log_subscriber.rb:98
  [1m[35m (0.0ms)[0m  [1m[36mcommit transaction[0m
  ↳ /home/ec2-user/.rvm/gems/ruby-2.6.3/gems/activerecord-5.2.5/lib/active_record/log_subscriber.rb:98
Redirected to https://131269644d3541a2ac3f9f6ab6ef7b09.vfs.cloud9.ap-northeast-1.amazonaws.com/
Completed 302 Found in 9ms (ActiveRecord: 0.2ms)


Started GET "/" for 60.100.94.209 at 2021-04-16 08:26:55 +0000
Cannot render console from 60.100.94.209! Allowed networks: 127.0.0.1, ::1, 127.0.0.0/127.255.255.255
Processing by HomesController#top as HTML
  Rendering homes/top.html.erb within layouts/application
  Rendered homes/top.html.erb within layouts/application (0.3ms)
Completed 200 OK in 23ms (Views: 21.9ms | ActiveRecord: 0.0ms)


Started GET "/admins/sign_in" for 60.100.94.209 at 2021-04-16 08:26:57 +0000
Cannot render console from 60.100.94.209! Allowed networks: 127.0.0.1, ::1, 127.0.0.0/127.255.255.255
Processing by Devise::SessionsController#new as HTML
  Rendering devise/sessions/new.html.erb within layouts/application
  Rendered devise/shared/_links.html.erb (0.8ms)
  Rendered devise/sessions/new.html.erb within layouts/application (5.0ms)
Completed 200 OK in 28ms (Views: 25.7ms | ActiveRecord: 0.0ms)


Started POST "/members/sign_in" for 60.100.94.209 at 2021-04-16 08:27:00 +0000
Cannot render console from 60.100.94.209! Allowed networks: 127.0.0.1, ::1, 127.0.0.0/127.255.255.255
Processing by Devise::SessionsController#create as HTML
  Parameters: {"utf8"=>"✓", "authenticity_token"=>"eke24x31zXsIcJABtmdR0x0mYH5jFisFa-UEaHmYl_KTCC9UHvQ1TwEkKtRvSOdwOE2Zo_cHy_7kQNyKC_4Bag", "email"=>"test@test", "password"=>"[FILTERED]", "remember_me"=>"0", "commit"=>"Log in"}
Completed 401 Unauthorized in 1ms (ActiveRecord: 0.0ms)


Processing by Devise::SessionsController#new as HTML
  Parameters: {"utf8"=>"✓", "authenticity_token"=>"eke24x31zXsIcJABtmdR0x0mYH5jFisFa-UEaHmYl_KTCC9UHvQ1TwEkKtRvSOdwOE2Zo_cHy_7kQNyKC_4Bag", "email"=>"test@test", "password"=>"[FILTERED]", "remember_me"=>"0", "commit"=>"Log in"}
  Rendering devise/sessions/new.html.erb within layouts/application
  Rendered devise/shared/_links.html.erb (0.8ms)
  Rendered devise/sessions/new.html.erb within layouts/application (4.7ms)
Completed 200 OK in 30ms (Views: 29.8ms | ActiveRecord: 0.0ms)


Started GET "/members/sign_up" for 60.100.94.209 at 2021-04-16 08:27:04 +0000
Cannot render console from 60.100.94.209! Allowed networks: 127.0.0.1, ::1, 127.0.0.0/127.255.255.255
Processing by Devise::RegistrationsController#new as HTML
  Rendering devise/registrations/new.html.erb within layouts/application
  Rendered devise/shared/_error_messages.html.erb (0.4ms)
  Rendered devise/shared/_links.html.erb (0.8ms)
  Rendered devise/registrations/new.html.erb within layouts/application (7.0ms)
Completed 200 OK in 29ms (Views: 28.5ms | ActiveRecord: 0.0ms)


Started POST "/members" for 60.100.94.209 at 2021-04-16 08:27:49 +0000
Cannot render console from 60.100.94.209! Allowed networks: 127.0.0.1, ::1, 127.0.0.0/127.255.255.255
Processing by Devise::RegistrationsController#create as HTML
  Parameters: {"utf8"=>"✓", "authenticity_token"=>"3BzSZZ9bc8s0YdmtclaObRcFLlvQQZsEDfIk8IJfdFR6y0KLmUjBTCB5Pw1uaUfONrv80HSZSnzUzVmeCDSEUw", "member"=>{"name"=>"rm", "email"=>"r@m", "password"=>"[FILTERED]", "password_confirmation"=>"[FILTERED]"}, "commit"=>"Sign up"}
  [1m[35m (0.6ms)[0m  [1m[36mbegin transaction[0m
  ↳ /home/ec2-user/.rvm/gems/ruby-2.6.3/gems/activerecord-5.2.5/lib/active_record/log_subscriber.rb:98
  [1m[36mMember Exists (0.2ms)[0m  [1m[34mSELECT  1 AS one FROM "members" WHERE "members"."email" = ? LIMIT ?[0m  [["email", "r@m"], ["LIMIT", 1]]
  ↳ /home/ec2-user/.rvm/gems/ruby-2.6.3/gems/activerecord-5.2.5/lib/active_record/log_subscriber.rb:98
  [1m[36mMember Create (2.3ms)[0m  [1m[32mINSERT INTO "members" ("email", "encrypted_password", "name", "created_at", "updated_at") VALUES (?, ?, ?, ?, ?)[0m  [["email", "r@m"], ["encrypted_password", "$2a$12$rmeJzQ6OLIM0PzuDUXAGr.jM26q0nqo84j4M0eodvLCZ.zNCOExpC"], ["name", "rm"], ["created_at", "2021-04-16 08:27:49.521353"], ["updated_at", "2021-04-16 08:27:49.521353"]]
  ↳ /home/ec2-user/.rvm/gems/ruby-2.6.3/gems/activerecord-5.2.5/lib/active_record/log_subscriber.rb:98
  [1m[35m (3.1ms)[0m  [1m[36mcommit transaction[0m
  ↳ /home/ec2-user/.rvm/gems/ruby-2.6.3/gems/activerecord-5.2.5/lib/active_record/log_subscriber.rb:98
Redirected to https://131269644d3541a2ac3f9f6ab6ef7b09.vfs.cloud9.ap-northeast-1.amazonaws.com/
Completed 302 Found in 346ms (ActiveRecord: 6.2ms)


Started GET "/" for 60.100.94.209 at 2021-04-16 08:27:49 +0000
Cannot render console from 60.100.94.209! Allowed networks: 127.0.0.1, ::1, 127.0.0.0/127.255.255.255
Processing by HomesController#top as HTML
  Rendering homes/top.html.erb within layouts/application
  Rendered homes/top.html.erb within layouts/application (0.3ms)
  [1m[36mMember Load (0.1ms)[0m  [1m[34mSELECT  "members".* FROM "members" WHERE "members"."id" = ? ORDER BY "members"."id" ASC LIMIT ?[0m  [["id", 2], ["LIMIT", 1]]
  ↳ app/views/layouts/application.html.erb:17
Completed 200 OK in 27ms (Views: 26.2ms | ActiveRecord: 0.1ms)


Started GET "/admins/sign_in" for 60.100.94.209 at 2021-04-16 08:27:54 +0000
Cannot render console from 60.100.94.209! Allowed networks: 127.0.0.1, ::1, 127.0.0.0/127.255.255.255
Processing by Devise::SessionsController#new as HTML
  Rendering devise/sessions/new.html.erb within layouts/application
  Rendered devise/shared/_links.html.erb (0.8ms)
  Rendered devise/sessions/new.html.erb within layouts/application (5.8ms)
  [1m[36mMember Load (0.2ms)[0m  [1m[34mSELECT  "members".* FROM "members" WHERE "members"."id" = ? ORDER BY "members"."id" ASC LIMIT ?[0m  [["id", 2], ["LIMIT", 1]]
  ↳ app/views/layouts/application.html.erb:17
Completed 200 OK in 32ms (Views: 31.3ms | ActiveRecord: 0.2ms)


Started POST "/members/sign_in" for 60.100.94.209 at 2021-04-16 08:28:05 +0000
Cannot render console from 60.100.94.209! Allowed networks: 127.0.0.1, ::1, 127.0.0.0/127.255.255.255
Processing by Devise::SessionsController#create as HTML
  Parameters: {"utf8"=>"✓", "authenticity_token"=>"LFAGn2f2bhR2eSD7w2cdsxpToJLuNDvng5ddAKOR_07FH58oZPeWIH8tmi4aSKsQPzhZT3ol2xwMMoXi0fdp1g", "email"=>"r@m", "password"=>"[FILTERED]", "remember_me"=>"0", "commit"=>"Log in"}
  [1m[36mMember Load (0.1ms)[0m  [1m[34mSELECT  "members".* FROM "members" WHERE "members"."id" = ? ORDER BY "members"."id" ASC LIMIT ?[0m  [["id", 2], ["LIMIT", 1]]
  ↳ /home/ec2-user/.rvm/gems/ruby-2.6.3/gems/activerecord-5.2.5/lib/active_record/log_subscriber.rb:98
Redirected to https://131269644d3541a2ac3f9f6ab6ef7b09.vfs.cloud9.ap-northeast-1.amazonaws.com/
Filter chain halted as :require_no_authentication rendered or redirected
Completed 302 Found in 5ms (ActiveRecord: 0.1ms)


Started GET "/" for 60.100.94.209 at 2021-04-16 08:28:05 +0000
Cannot render console from 60.100.94.209! Allowed networks: 127.0.0.1, ::1, 127.0.0.0/127.255.255.255
Processing by HomesController#top as HTML
  Rendering homes/top.html.erb within layouts/application
  Rendered homes/top.html.erb within layouts/application (0.3ms)
  [1m[36mMember Load (0.2ms)[0m  [1m[34mSELECT  "members".* FROM "members" WHERE "members"."id" = ? ORDER BY "members"."id" ASC LIMIT ?[0m  [["id", 2], ["LIMIT", 1]]
  ↳ app/views/layouts/application.html.erb:17
Completed 200 OK in 26ms (Views: 24.9ms | ActiveRecord: 0.2ms)


Started DELETE "/members/sign_out" for 60.100.94.209 at 2021-04-16 08:28:19 +0000
Cannot render console from 60.100.94.209! Allowed networks: 127.0.0.1, ::1, 127.0.0.0/127.255.255.255
Processing by Devise::SessionsController#destroy as HTML
  Parameters: {"authenticity_token"=>"vfd-PveJRoKzThL7Sn9vKy3f-rUS6tsdWfEHD3W_Xe7qJ3TjBlQb1cUM27wAaQIkiFaRoTzIQZUhXsHlGN4_lQ"}
  [1m[36mMember Load (0.1ms)[0m  [1m[34mSELECT  "members".* FROM "members" WHERE "members"."id" = ? ORDER BY "members"."id" ASC LIMIT ?[0m  [["id", 2], ["LIMIT", 1]]
  ↳ /home/ec2-user/.rvm/gems/ruby-2.6.3/gems/activerecord-5.2.5/lib/active_record/log_subscriber.rb:98
  [1m[35m (0.1ms)[0m  [1m[36mbegin transaction[0m
  ↳ /home/ec2-user/.rvm/gems/ruby-2.6.3/gems/activerecord-5.2.5/lib/active_record/log_subscriber.rb:98
  [1m[35m (0.0ms)[0m  [1m[36mcommit transaction[0m
  ↳ /home/ec2-user/.rvm/gems/ruby-2.6.3/gems/activerecord-5.2.5/lib/active_record/log_subscriber.rb:98
Redirected to https://131269644d3541a2ac3f9f6ab6ef7b09.vfs.cloud9.ap-northeast-1.amazonaws.com/
Completed 302 Found in 8ms (ActiveRecord: 0.2ms)


Started GET "/" for 60.100.94.209 at 2021-04-16 08:28:19 +0000
Cannot render console from 60.100.94.209! Allowed networks: 127.0.0.1, ::1, 127.0.0.0/127.255.255.255
Processing by HomesController#top as HTML
  Rendering homes/top.html.erb within layouts/application
  Rendered homes/top.html.erb within layouts/application (0.3ms)
Completed 200 OK in 24ms (Views: 23.0ms | ActiveRecord: 0.0ms)


Started GET "/admins/sign_in" for 60.100.94.209 at 2021-04-16 08:28:20 +0000
Cannot render console from 60.100.94.209! Allowed networks: 127.0.0.1, ::1, 127.0.0.0/127.255.255.255
Processing by Devise::SessionsController#new as HTML
  Rendering devise/sessions/new.html.erb within layouts/application
  Rendered devise/shared/_links.html.erb (0.8ms)
  Rendered devise/sessions/new.html.erb within layouts/application (4.9ms)
Completed 200 OK in 29ms (Views: 28.6ms | ActiveRecord: 0.0ms)


Started GET "/admins/sign_up" for 60.100.94.209 at 2021-04-16 08:28:28 +0000
Cannot render console from 60.100.94.209! Allowed networks: 127.0.0.1, ::1, 127.0.0.0/127.255.255.255
Processing by Devise::RegistrationsController#new as HTML
  Rendering devise/registrations/new.html.erb within layouts/application
  Rendered devise/shared/_error_messages.html.erb (0.4ms)
  Rendered devise/shared/_links.html.erb (0.7ms)
  Rendered devise/registrations/new.html.erb within layouts/application (6.9ms)
Completed 200 OK in 29ms (Views: 28.6ms | ActiveRecord: 0.0ms)


Started GET "/admins/sign_in" for 60.100.94.209 at 2021-04-16 08:28:34 +0000
Cannot render console from 60.100.94.209! Allowed networks: 127.0.0.1, ::1, 127.0.0.0/127.255.255.255
Processing by Devise::SessionsController#new as HTML
  Rendering devise/sessions/new.html.erb within layouts/application
  Rendered devise/shared/_links.html.erb (0.8ms)
  Rendered devise/sessions/new.html.erb within layouts/application (4.9ms)
Completed 200 OK in 28ms (Views: 27.6ms | ActiveRecord: 0.0ms)


  [1m[35m (0.1ms)[0m  [1m[34mSELECT "schema_migrations"."version" FROM "schema_migrations" ORDER BY "schema_migrations"."version" ASC[0m
  ↳ bin/rails:9
  [1m[35m (0.1ms)[0m  [1m[36mbegin transaction[0m
  ↳ db/seeds.rb:8
  [1m[35m (0.0ms)[0m  [1m[31mrollback transaction[0m
  ↳ db/seeds.rb:8
  [1m[36mAdmin Load (0.4ms)[0m  [1m[34mSELECT  "admins".* FROM "admins" LIMIT ?[0m  [["LIMIT", 11]]
  [1m[35m (0.1ms)[0m  [1m[34mSELECT "schema_migrations"."version" FROM "schema_migrations" ORDER BY "schema_migrations"."version" ASC[0m
  ↳ bin/rails:9
  [1m[35m (0.1ms)[0m  [1m[36mbegin transaction[0m
  ↳ db/seeds.rb:8
  [1m[36mAdmin Exists (0.2ms)[0m  [1m[34mSELECT  1 AS one FROM "admins" WHERE "admins"."email" = ? LIMIT ?[0m  [["email", "admin@test"], ["LIMIT", 1]]
  ↳ db/seeds.rb:8
  [1m[36mAdmin Create (8.6ms)[0m  [1m[32mINSERT INTO "admins" ("email", "encrypted_password", "created_at", "updated_at") VALUES (?, ?, ?, ?)[0m  [["email", "admin@test"], ["encrypted_password", "$2a$12$jurSPQ9pKN14wwczi0sExexRqgo/7dCmMZjVy7QAosSmfsp3T7jfq"], ["created_at", "2021-04-16 08:54:37.973930"], ["updated_at", "2021-04-16 08:54:37.973930"]]
  ↳ db/seeds.rb:8
  [1m[35m (4.2ms)[0m  [1m[36mcommit transaction[0m
  ↳ db/seeds.rb:8
  [1m[36mAdmin Load (0.4ms)[0m  [1m[34mSELECT  "admins".* FROM "admins" LIMIT ?[0m  [["LIMIT", 11]]
Started GET "/" for 60.100.94.209 at 2021-04-16 09:06:00 +0000
Cannot render console from 60.100.94.209! Allowed networks: 127.0.0.1, ::1, 127.0.0.0/127.255.255.255
  [1m[35m (0.1ms)[0m  [1m[34mSELECT "schema_migrations"."version" FROM "schema_migrations" ORDER BY "schema_migrations"."version" ASC[0m
  ↳ /home/ec2-user/.rvm/gems/ruby-2.6.3/gems/activerecord-5.2.5/lib/active_record/log_subscriber.rb:98
Processing by HomesController#top as HTML
  Rendering homes/top.html.erb within layouts/application
  Rendered homes/top.html.erb within layouts/application (1.4ms)
Completed 200 OK in 246ms (Views: 237.2ms | ActiveRecord: 0.0ms)


Started GET "/" for 60.100.94.209 at 2021-04-16 09:06:02 +0000
Cannot render console from 60.100.94.209! Allowed networks: 127.0.0.1, ::1, 127.0.0.0/127.255.255.255
Processing by HomesController#top as HTML
  Rendering homes/top.html.erb within layouts/application
  Rendered homes/top.html.erb within layouts/application (0.3ms)
Completed 200 OK in 26ms (Views: 25.1ms | ActiveRecord: 0.0ms)


Started GET "/admins/sign_in" for 60.100.94.209 at 2021-04-16 09:06:04 +0000
Cannot render console from 60.100.94.209! Allowed networks: 127.0.0.1, ::1, 127.0.0.0/127.255.255.255
Processing by Admins::SessionsController#new as HTML
  Rendering admins/sessions/new.html.erb within layouts/application
  Rendered admins/shared/_links.html.erb (1.0ms)
  Rendered admins/sessions/new.html.erb within layouts/application (8.9ms)
Completed 200 OK in 45ms (Views: 35.4ms | ActiveRecord: 0.7ms)


Started POST "/admins/sign_in" for 60.100.94.209 at 2021-04-16 09:06:06 +0000
Cannot render console from 60.100.94.209! Allowed networks: 127.0.0.1, ::1, 127.0.0.0/127.255.255.255
Processing by Admins::SessionsController#create as HTML
  Parameters: {"utf8"=>"✓", "authenticity_token"=>"LipjN0a2RvOKCdxlBSVD20MHKXi_1RpwlycrF3Od78QA0MK4HLHdDvsC-ySmirLGPBuGh29LZLDmXf9x3VOAOw", "admin"=>{"email"=>"r@m", "password"=>"[FILTERED]", "remember_me"=>"0"}, "commit"=>"Log in"}
  [1m[36mAdmin Load (0.2ms)[0m  [1m[34mSELECT  "admins".* FROM "admins" WHERE "admins"."email" = ? ORDER BY "admins"."id" ASC LIMIT ?[0m  [["email", "r@m"], ["LIMIT", 1]]
  ↳ /home/ec2-user/.rvm/gems/ruby-2.6.3/gems/activerecord-5.2.5/lib/active_record/log_subscriber.rb:98
Completed 401 Unauthorized in 5ms (ActiveRecord: 0.2ms)


Processing by Admins::SessionsController#new as HTML
  Parameters: {"utf8"=>"✓", "authenticity_token"=>"LipjN0a2RvOKCdxlBSVD20MHKXi_1RpwlycrF3Od78QA0MK4HLHdDvsC-ySmirLGPBuGh29LZLDmXf9x3VOAOw", "admin"=>{"email"=>"r@m", "password"=>"[FILTERED]", "remember_me"=>"0"}, "commit"=>"Log in"}
  Rendering admins/sessions/new.html.erb within layouts/application
  Rendered admins/shared/_links.html.erb (0.8ms)
  Rendered admins/sessions/new.html.erb within layouts/application (5.5ms)
Completed 200 OK in 334ms (Views: 29.7ms | ActiveRecord: 0.0ms)


Started POST "/admins/sign_in" for 60.100.94.209 at 2021-04-16 09:06:46 +0000
Cannot render console from 60.100.94.209! Allowed networks: 127.0.0.1, ::1, 127.0.0.0/127.255.255.255
Processing by Admins::SessionsController#create as HTML
  Parameters: {"utf8"=>"✓", "authenticity_token"=>"zTtR8ftO2rMb_NO2kzUCxndZV6_j_4sY5IMGHKPAgtzt1Oa-7UA-6Qj8p1A0MCR9ZQuY1_306T30mxVcEzWROA", "admin"=>{"email"=>"admin@test", "password"=>"[FILTERED]", "remember_me"=>"0"}, "commit"=>"Log in"}
  [1m[36mAdmin Load (0.1ms)[0m  [1m[34mSELECT  "admins".* FROM "admins" WHERE "admins"."email" = ? ORDER BY "admins"."id" ASC LIMIT ?[0m  [["email", "admin@test"], ["LIMIT", 1]]
  ↳ /home/ec2-user/.rvm/gems/ruby-2.6.3/gems/activerecord-5.2.5/lib/active_record/log_subscriber.rb:98
Redirected to https://131269644d3541a2ac3f9f6ab6ef7b09.vfs.cloud9.ap-northeast-1.amazonaws.com/
Completed 302 Found in 320ms (ActiveRecord: 0.1ms)


Started GET "/" for 60.100.94.209 at 2021-04-16 09:06:46 +0000
Cannot render console from 60.100.94.209! Allowed networks: 127.0.0.1, ::1, 127.0.0.0/127.255.255.255
Processing by HomesController#top as HTML
  Rendering homes/top.html.erb within layouts/application
  Rendered homes/top.html.erb within layouts/application (0.3ms)
  [1m[36mAdmin Load (0.2ms)[0m  [1m[34mSELECT  "admins".* FROM "admins" WHERE "admins"."id" = ? ORDER BY "admins"."id" ASC LIMIT ?[0m  [["id", 1], ["LIMIT", 1]]
  ↳ app/views/layouts/application.html.erb:13
Completed 200 OK in 31ms (Views: 29.9ms | ActiveRecord: 0.2ms)


Started DELETE "/admins/sign_out" for 60.100.94.209 at 2021-04-16 09:06:51 +0000
Cannot render console from 60.100.94.209! Allowed networks: 127.0.0.1, ::1, 127.0.0.0/127.255.255.255
Processing by Admins::SessionsController#destroy as HTML
  Parameters: {"authenticity_token"=>"_vP0lytOw_EB3obSEx1lFW0k2S35_TyV6xDnImHw8wtcWjl40myXwf_oUTXLYdzoM_dDJqGhEZ_PuPYBxj70ug"}
  [1m[36mAdmin Load (0.1ms)[0m  [1m[34mSELECT  "admins".* FROM "admins" WHERE "admins"."id" = ? ORDER BY "admins"."id" ASC LIMIT ?[0m  [["id", 1], ["LIMIT", 1]]
  ↳ /home/ec2-user/.rvm/gems/ruby-2.6.3/gems/activerecord-5.2.5/lib/active_record/log_subscriber.rb:98
  [1m[35m (0.1ms)[0m  [1m[36mbegin transaction[0m
  ↳ /home/ec2-user/.rvm/gems/ruby-2.6.3/gems/activerecord-5.2.5/lib/active_record/log_subscriber.rb:98
  [1m[35m (0.0ms)[0m  [1m[36mcommit transaction[0m
  ↳ /home/ec2-user/.rvm/gems/ruby-2.6.3/gems/activerecord-5.2.5/lib/active_record/log_subscriber.rb:98
Redirected to https://131269644d3541a2ac3f9f6ab6ef7b09.vfs.cloud9.ap-northeast-1.amazonaws.com/
Completed 302 Found in 10ms (ActiveRecord: 0.2ms)


Started GET "/" for 60.100.94.209 at 2021-04-16 09:06:51 +0000
Cannot render console from 60.100.94.209! Allowed networks: 127.0.0.1, ::1, 127.0.0.0/127.255.255.255
Processing by HomesController#top as HTML
  Rendering homes/top.html.erb within layouts/application
  Rendered homes/top.html.erb within layouts/application (0.3ms)
Completed 200 OK in 27ms (Views: 26.4ms | ActiveRecord: 0.0ms)


